{"numTotalTestSuites":78,"numPassedTestSuites":78,"numFailedTestSuites":0,"numPendingTestSuites":0,"numTotalTests":299,"numPassedTests":299,"numFailedTests":0,"numPendingTests":0,"numTodoTests":0,"snapshot":{"added":0,"failure":false,"filesAdded":0,"filesRemoved":0,"filesRemovedList":[],"filesUnmatched":0,"filesUpdated":0,"matched":0,"total":0,"unchecked":0,"uncheckedKeysByFile":[],"unmatched":0,"updated":0,"didUpdate":false},"startTime":1788938475574,"success":true,"testResults":[{"assertionResults":[{"ancestorTitles":["parseNumstat（P1 T6）"],"fullName":"parseNumstat（P1 T6） 解析 added/deleted/file 三列","status":"passed","title":"解析 added/deleted/file 三列","duration":1.267599999999959,"failureMessages":[],"meta":{}},{"ancestorTitles":["parseNumstat（P1 T6）"],"fullName":"parseNumstat（P1 T6） 二进制文件（-\t-）被跳过","status":"passed","title":"二进制文件（-\t-）被跳过","duration":0.210899999999981,"failureMessages":[],"meta":{}},{"ancestorTitles":["parseNumstat（P1 T6）"],"fullName":"parseNumstat（P1 T6） 空输入返回空数组","status":"passed","title":"空输入返回空数组","duration":0.10129999999998063,"failureMessages":[],"meta":{}},{"ancestorTitles":["GitPort 兜底语义"],"fullName":"GitPort 兜底语义 nullGitPort 永远返回 null（补齐失败 → 保持 degraded）","status":"passed","title":"nullGitPort 永远返回 null（补齐失败 → 保持 degraded）","duration":0.10739999999998417,"failureMessages":[],"meta":{}},{"ancestorTitles":["GitPort 兜底语义"],"fullName":"GitPort 兜底语义 fileUris 为空时不调用 git","status":"passed","title":"fileUris 为空时不调用 git","duration":0.1238999999999919,"failureMessages":[],"meta":{}},{"ancestorTitles":["GitPort 兜底语义"],"fullName":"GitPort 兜底语义 mock GitPort 可在 core 中被注入使用","status":"passed","title":"mock GitPort 可在 core 中被注入使用","duration":0.13140000000004193,"failureMessages":[],"meta":{}}],"startTime":1788938476569,"endTime":1788938476572.1313,"status":"passed","message":"","name":"D:/Workspace/CREDIT/credit/packages/core/src/git-port.test.ts"},{"assertionResults":[{"ancestorTitles":["createBridge — agent 编辑回溯关联"],"fullName":"createBridge — agent 编辑回溯关联 textChanged 晚于 agentToolUse（窗口内）被回溯判定为 actor=ai","status":"passed","title":"textChanged 晚于 agentToolUse（窗口内）被回溯判定为 actor=ai","duration":3.000099999999975,"failureMessages":[],"meta":{}},{"ancestorTitles":["createBridge — agent 编辑回溯关联"],"fullName":"createBridge — agent 编辑回溯关联 agentToolUse 先到、文件级 textChanged 后到（含跨文件顺序编辑）被正确关联","status":"passed","title":"agentToolUse 先到、文件级 textChanged 后到（含跨文件顺序编辑）被正确关联","duration":0.988800000000083,"failureMessages":[],"meta":{}},{"ancestorTitles":["createBridge — agent 编辑回溯关联"],"fullName":"createBridge — agent 编辑回溯关联 非 agent 编辑文件不误判为 ai","status":"passed","title":"非 agent 编辑文件不误判为 ai","duration":0.6990999999998166,"failureMessages":[],"meta":{}},{"ancestorTitles":["createBridge — agent 编辑回溯关联"],"fullName":"createBridge — agent 编辑回溯关联 路径大小写/分隔符归一化后仍能关联","status":"passed","title":"路径大小写/分隔符归一化后仍能关联","duration":0.6665000000000418,"failureMessages":[],"meta":{}},{"ancestorTitles":["createBridge — agent 编辑回溯关联"],"fullName":"createBridge — agent 编辑回溯关联 超过 30s 窗口的 textChanged 不被误判","status":"passed","title":"超过 30s 窗口的 textChanged 不被误判","duration":0.7689000000000306,"failureMessages":[],"meta":{}},{"ancestorTitles":["createBridge — 启停语义（架构 §5.1-4：非 recording 丢弃）"],"fullName":"createBridge — 启停语义（架构 §5.1-4：非 recording 丢弃） 未开始记录时事件被丢弃：不落盘、不建会话、raw 层也不写","status":"passed","title":"未开始记录时事件被丢弃：不落盘、不建会话、raw 层也不写","duration":0.6576000000000022,"failureMessages":[],"meta":{}},{"ancestorTitles":["createBridge — 启停语义（架构 §5.1-4：非 recording 丢弃）"],"fullName":"createBridge — 启停语义（架构 §5.1-4：非 recording 丢弃） 放弃本轮记录（reset）后的事件被丢弃，不自动新建会话","status":"passed","title":"放弃本轮记录（reset）后的事件被丢弃，不自动新建会话","duration":0.9963000000000193,"failureMessages":[],"meta":{}},{"ancestorTitles":["createBridge — 启停语义（架构 §5.1-4：非 recording 丢弃）"],"fullName":"createBridge — 启停语义（架构 §5.1-4：非 recording 丢弃） 结束并保存（finish）后的事件被丢弃","status":"passed","title":"结束并保存（finish）后的事件被丢弃","duration":0.6983999999999924,"failureMessages":[],"meta":{}},{"ancestorTitles":["createBridge — 启停语义（架构 §5.1-4：非 recording 丢弃）"],"fullName":"createBridge — 启停语义（架构 §5.1-4：非 recording 丢弃） 重新 start 后恢复正常记录，且用新 prId","status":"passed","title":"重新 start 后恢复正常记录，且用新 prId","duration":0.5908999999999196,"failureMessages":[],"meta":{}}],"startTime":1788938476941,"endTime":1788938476950.5908,"status":"passed","message":"","name":"D:/Workspace/CREDIT/credit/packages/core/src/index.test.ts"},{"assertionResults":[{"ancestorTitles":["指标树结构"],"fullName":"指标树结构 Proc_Credits 含 36 个叶子；全树 40（另含 Dev 4 项，留 P3）","status":"passed","title":"Proc_Credits 含 36 个叶子；全树 40（另含 Dev 4 项，留 P3）","duration":1.4886999999999944,"failureMessages":[],"meta":{}},{"ancestorTitles":["指标树结构"],"fullName":"指标树结构 六个外部工具桩标记正确（D-029）","status":"passed","title":"六个外部工具桩标记正确（D-029）","duration":0.8885000000000218,"failureMessages":[],"meta":{}},{"ancestorTitles":["指标树结构"],"fullName":"指标树结构 id 全树唯一","status":"passed","title":"id 全树唯一","duration":0.17410000000006676,"failureMessages":[],"meta":{}},{"ancestorTitles":["指标树结构"],"fullName":"指标树结构 每个非 stub 叶子都有合法 metric 定义","status":"passed","title":"每个非 stub 叶子都有合法 metric 定义","duration":1.317700000000059,"failureMessages":[],"meta":{}},{"ancestorTitles":["指标树结构"],"fullName":"指标树结构 组级前置只挂在 group 节点上","status":"passed","title":"组级前置只挂在 group 节点上","duration":0.2300999999999931,"failureMessages":[],"meta":{}},{"ancestorTitles":["指标树结构"],"fullName":"指标树结构 Dev_Credit 子树存在且整体 prerequisite=devProfile（P3 接入点）","status":"passed","title":"Dev_Credit 子树存在且整体 prerequisite=devProfile（P3 接入点）","duration":0.19879999999989195,"failureMessages":[],"meta":{}},{"ancestorTitles":["指标树结构"],"fullName":"指标树结构 findNode 可定位","status":"passed","title":"findNode 可定位","duration":0.15499999999997272,"failureMessages":[],"meta":{}},{"ancestorTitles":["指标树结构"],"fullName":"指标树结构 版本号存在（变更即缓存失效）","status":"passed","title":"版本号存在（变更即缓存失效）","duration":0.0645000000000664,"failureMessages":[],"meta":{}},{"ancestorTitles":["calculatorFile 映射"],"fullName":"calculatorFile 映射 id → 文件名的转换规则","status":"passed","title":"id → 文件名的转换规则","duration":0.2759000000000924,"failureMessages":[],"meta":{}},{"ancestorTitles":["calculatorFile 映射"],"fullName":"calculatorFile 映射 **每个待实现叶子都有对应计算器文件**（防漏实现）","status":"passed","title":"**每个待实现叶子都有对应计算器文件**（防漏实现）","duration":1.8476000000000568,"failureMessages":[],"meta":{}},{"ancestorTitles":["calculatorFile 映射"],"fullName":"calculatorFile 映射 六个桩共用一个 toolProxy 计算器文件","status":"passed","title":"六个桩共用一个 toolProxy 计算器文件","duration":0.16459999999995034,"failureMessages":[],"meta":{}}],"startTime":1788938476613,"endTime":1788938476620.1646,"status":"passed","message":"","name":"D:/Workspace/CREDIT/credit/packages/rules/src/rules.test.ts"},{"assertionResults":[{"ancestorTitles":["isCreditRawEvent"],"fullName":"isCreditRawEvent recognizes reused events","status":"passed","title":"recognizes reused events","duration":1.007000000000005,"failureMessages":[],"meta":{}},{"ancestorTitles":["isCreditRawEvent"],"fullName":"isCreditRawEvent recognizes credit events","status":"passed","title":"recognizes credit events","duration":0.23419999999998709,"failureMessages":[],"meta":{}},{"ancestorTitles":["isCreditRawEvent"],"fullName":"isCreditRawEvent rejects non-events","status":"passed","title":"rejects non-events","duration":0.25540000000000873,"failureMessages":[],"meta":{}}],"startTime":1788938477015,"endTime":1788938477016.2554,"status":"passed","message":"","name":"D:/Workspace/CREDIT/credit/packages/protocol/src/raw-event.test.ts"},{"assertionResults":[{"ancestorTitles":["diff-parser"],"fullName":"diff-parser 解析 -U0 输出，提取新增行号与内容","status":"passed","title":"解析 -U0 输出，提取新增行号与内容","duration":1.7588000000000648,"failureMessages":[],"meta":{}},{"ancestorTitles":["diff-parser"],"fullName":"diff-parser 空行与纯符号行不算有意义内容","status":"passed","title":"空行与纯符号行不算有意义内容","duration":0.2321999999999207,"failureMessages":[],"meta":{}},{"ancestorTitles":["C5 core-diff"],"fullName":"C5 core-diff 排除产物文件并对新增行做行级过滤","status":"passed","title":"排除产物文件并对新增行做行级过滤","duration":0.7486999999998716,"failureMessages":[],"meta":{}},{"ancestorTitles":["C5 core-diff"],"fullName":"C5 core-diff git 不可用 → 空集且不抛错（绝不伪造）","status":"passed","title":"git 不可用 → 空集且不抛错（绝不伪造）","duration":0.09729999999990468,"failureMessages":[],"meta":{}},{"ancestorTitles":["C5 core-diff"],"fullName":"C5 core-diff Dev 编辑过的行从 AI 行集中移出","status":"passed","title":"Dev 编辑过的行从 AI 行集中移出","duration":0.18399999999996908,"failureMessages":[],"meta":{}},{"ancestorTitles":["C4 reading"],"fullName":"C4 reading 合并阅读行区间并累计 dwell","status":"passed","title":"合并阅读行区间并累计 dwell","duration":0.4206000000001495,"failureMessages":[],"meta":{}},{"ancestorTitles":["C4 reading"],"fullName":"C4 reading 无滚动事件 → scrollAvailable=false（调用方须据此降级）","status":"passed","title":"无滚动事件 → scrollAvailable=false（调用方须据此降级）","duration":0.07939999999985048,"failureMessages":[],"meta":{}},{"ancestorTitles":["聚合器（算法 §6.1）"],"fullName":"聚合器（算法 §6.1） 只统计 ok/degraded，pending 与 excluded 的权重不进分母（重分配）","status":"passed","title":"只统计 ok/degraded，pending 与 excluded 的权重不进分母（重分配）","duration":0.18060000000014043,"failureMessages":[],"meta":{}},{"ancestorTitles":["聚合器（算法 §6.1）"],"fullName":"聚合器（算法 §6.1） excluded_no_evidence 同样重分配（人工测试无证据不该拉低总分）","status":"passed","title":"excluded_no_evidence 同样重分配（人工测试无证据不该拉低总分）","duration":0.1790000000000873,"failureMessages":[],"meta":{}},{"ancestorTitles":["聚合器（算法 §6.1）"],"fullName":"聚合器（算法 §6.1） 组内全非计分 → 状态向上传递（pending 优先于 excluded）","status":"passed","title":"组内全非计分 → 状态向上传递（pending 优先于 excluded）","duration":0.1570000000001528,"failureMessages":[],"meta":{}},{"ancestorTitles":["聚合器（算法 §6.1）"],"fullName":"聚合器（算法 §6.1） error 子节点不进分母（按算法 §6.1，非计分）","status":"passed","title":"error 子节点不进分母（按算法 §6.1，非计分）","duration":0.0807999999999538,"failureMessages":[],"meta":{}},{"ancestorTitles":["聚合器（算法 §6.1）"],"fullName":"聚合器（算法 §6.1） 权重生效","status":"passed","title":"权重生效","duration":0.10259999999993852,"failureMessages":[],"meta":{}},{"ancestorTitles":["PR_Credit 聚合（决策 D-028）"],"fullName":"PR_Credit 聚合（决策 D-028） Dev 缺失 → PR_Credit = Proc_Credits","status":"passed","title":"Dev 缺失 → PR_Credit = Proc_Credits","duration":0.21129999999993743,"failureMessages":[],"meta":{}},{"ancestorTitles":["PR_Credit 聚合（决策 D-028）"],"fullName":"PR_Credit 聚合（决策 D-028） Dev 可用 → 0.8 × Proc + 0.2 × Dev（P3 接入即生效，防死代码）","status":"passed","title":"Dev 可用 → 0.8 × Proc + 0.2 × Dev（P3 接入即生效，防死代码）","duration":0.09009999999989304,"failureMessages":[],"meta":{}},{"ancestorTitles":["四档映射（算法 §6.2）"],"fullName":"四档映射（算法 §6.2） 边界值","status":"passed","title":"边界值","duration":0.16310000000021319,"failureMessages":[],"meta":{}},{"ancestorTitles":["引擎（T3/T4）"],"fullName":"引擎（T3/T4） 全树跑通：32 个计算器无一抛异常，且结构完整","status":"passed","title":"全树跑通：32 个计算器无一抛异常，且结构完整","duration":4.798600000000079,"failureMessages":[],"meta":{}},{"ancestorTitles":["引擎（T3/T4）"],"fullName":"引擎（T3/T4） LLM 未配置 → 相关指标 degraded 保守分，而不是 0 分的 error（不惩罚没配 key）","status":"passed","title":"LLM 未配置 → 相关指标 degraded 保守分，而不是 0 分的 error（不惩罚没配 key）","duration":0.570699999999988,"failureMessages":[],"meta":{}},{"ancestorTitles":["引擎（T3/T4）"],"fullName":"引擎（T3/T4） 组级前置：无 SPEC 文档 → SPEC工程整组 excluded（且子节点不计算）","status":"passed","title":"组级前置：无 SPEC 文档 → SPEC工程整组 excluded（且子节点不计算）","duration":0.5165999999999258,"failureMessages":[],"meta":{}},{"ancestorTitles":["引擎（T3/T4）"],"fullName":"引擎（T3/T4） 六个桩恒为 pending 且不伪造分数（D-029）","status":"passed","title":"六个桩恒为 pending 且不伪造分数（D-029）","duration":0.7805000000000746,"failureMessages":[],"meta":{}},{"ancestorTitles":["引擎（T3/T4）"],"fullName":"引擎（T3/T4） 错误隔离：计算器抛异常只影响该指标","status":"passed","title":"错误隔离：计算器抛异常只影响该指标","duration":0.6185999999997875,"failureMessages":[],"meta":{}},{"ancestorTitles":["uri 归一化（回归：git 相对路径 vs behaviors 绝对路径）"],"fullName":"uri 归一化（回归：git 相对路径 vs behaviors 绝对路径） 归一化 file:// 编码、分隔符与大小写","status":"passed","title":"归一化 file:// 编码、分隔符与大小写","duration":0.10289999999986321,"failureMessages":[],"meta":{}},{"ancestorTitles":["uri 归一化（回归：git 相对路径 vs behaviors 绝对路径）"],"fullName":"uri 归一化（回归：git 相对路径 vs behaviors 绝对路径） git 相对路径解析回 behaviors 的绝对 uri；无法解析则原样返回","status":"passed","title":"git 相对路径解析回 behaviors 的绝对 uri；无法解析则原样返回","duration":0.07609999999999673,"failureMessages":[],"meta":{}},{"ancestorTitles":["uri 归一化（回归：git 相对路径 vs behaviors 绝对路径）"],"fullName":"uri 归一化（回归：git 相对路径 vs behaviors 绝对路径） **回归**：key 对齐后阅读覆盖不再恒为 0（初版 0/303 的根因）","status":"passed","title":"**回归**：key 对齐后阅读覆盖不再恒为 0（初版 0/303 的根因）","duration":0.19650000000001455,"failureMessages":[],"meta":{}},{"ancestorTitles":["Rust 测试识别（回归：测试函数名不含 test）"],"fullName":"Rust 测试识别（回归：测试函数名不含 test） `#[test]` 之后的 fn 被识别，不论名字是否含 test","status":"passed","title":"`#[test]` 之后的 fn 被识别，不论名字是否含 test","duration":0.3568000000000211,"failureMessages":[],"meta":{}},{"ancestorTitles":["Rust 测试识别（回归：测试函数名不含 test）"],"fullName":"Rust 测试识别（回归：测试函数名不含 test） 普通函数不被误判为测试","status":"passed","title":"普通函数不被误判为测试","duration":0.1193999999998141,"failureMessages":[],"meta":{}},{"ancestorTitles":["Rust 测试识别（回归：测试函数名不含 test）"],"fullName":"Rust 测试识别（回归：测试函数名不含 test） JS / Python / Go 仍正常识别","status":"passed","title":"JS / Python / Go 仍正常识别","duration":0.12860000000000582,"failureMessages":[],"meta":{}},{"ancestorTitles":["宽容 JSON 解析（回归：模型输出代码片段或带前缀文字）"],"fullName":"宽容 JSON 解析（回归：模型输出代码片段或带前缀文字） 带说明文字时可提取 JSON","status":"passed","title":"带说明文字时可提取 JSON","duration":0.25720000000001164,"failureMessages":[],"meta":{}},{"ancestorTitles":["宽容 JSON 解析（回归：模型输出代码片段或带前缀文字）"],"fullName":"宽容 JSON 解析（回归：模型输出代码片段或带前缀文字） 带 markdown 围栏也可","status":"passed","title":"带 markdown 围栏也可","duration":0.7792000000001735,"failureMessages":[],"meta":{}},{"ancestorTitles":["宽容 JSON 解析（回归：模型输出代码片段或带前缀文字）"],"fullName":"宽容 JSON 解析（回归：模型输出代码片段或带前缀文字） 纯代码片段 → null（救不回，应判 invalid-json 而不是崩溃）","status":"passed","title":"纯代码片段 → null（救不回，应判 invalid-json 而不是崩溃）","duration":0.09209999999984575,"failureMessages":[],"meta":{}},{"ancestorTitles":["输入指纹（T6）"],"fullName":"输入指纹（T6） behaviors 条数 / TaskGraph 版本 / gitDiff 变化都会改变指纹","status":"passed","title":"behaviors 条数 / TaskGraph 版本 / gitDiff 变化都会改变指纹","duration":0.3788999999999305,"failureMessages":[],"meta":{}},{"ancestorTitles":["大型修改分阶段施行（改版）"],"fullName":"大型修改分阶段施行（改版） 小改动不适用 → 100","status":"passed","title":"小改动不适用 → 100","duration":0.3385000000000673,"failureMessages":[],"meta":{}},{"ancestorTitles":["大型修改分阶段施行（改版）"],"fullName":"大型修改分阶段施行（改版） 拆解为多步并分批推进 → 100（即使仅 1 次 commit）","status":"passed","title":"拆解为多步并分批推进 → 100（即使仅 1 次 commit）","duration":0.7531000000001313,"failureMessages":[],"meta":{}},{"ancestorTitles":["大型修改分阶段施行（改版）"],"fullName":"大型修改分阶段施行（改版） 列出清单后一次性全勾 → 0（拆了但不是按步骤施行）","status":"passed","title":"列出清单后一次性全勾 → 0（拆了但不是按步骤施行）","duration":0.3001999999999043,"failureMessages":[],"meta":{}},{"ancestorTitles":["大型修改分阶段施行（改版）"],"fullName":"大型修改分阶段施行（改版） 只拆 1 步 → 0（不构成拆解）","status":"passed","title":"只拆 1 步 → 0（不构成拆解）","duration":0.25900000000001455,"failureMessages":[],"meta":{}},{"ancestorTitles":["大型修改分阶段施行（改版）"],"fullName":"大型修改分阶段施行（改版） 无 TODO 轨迹但对话中输出分步计划 → degraded（有拆解、无法验证施行）","status":"passed","title":"无 TODO 轨迹但对话中输出分步计划 → degraded（有拆解、无法验证施行）","duration":0.3447999999998501,"failureMessages":[],"meta":{}},{"ancestorTitles":["大型修改分阶段施行（改版）"],"fullName":"大型修改分阶段施行（改版） 完全无拆解证据 → 0","status":"passed","title":"完全无拆解证据 → 0","duration":0.20489999999995234,"failureMessages":[],"meta":{}},{"ancestorTitles":["大型修改分阶段施行（改版）"],"fullName":"大型修改分阶段施行（改版） git 不可用 → degraded","status":"passed","title":"git 不可用 → degraded","duration":0.09560000000010405,"failureMessages":[],"meta":{}},{"ancestorTitles":["大型修改分阶段施行（改版）"],"fullName":"大型修改分阶段施行（改版） 工具名走 config：换平台的 TODO 工具名同样识别","status":"passed","title":"工具名走 config：换平台的 TODO 工具名同样识别","duration":0.2319999999999709,"failureMessages":[],"meta":{}},{"ancestorTitles":["已退出 CREDIT 分数框架的指标（数据层保留、不再计分）"],"fullName":"已退出 CREDIT 分数框架的指标（数据层保留、不再计分） gen.acceptLines 不再注册到规则树（D-033：真实 userAccept 未触发，恒 degraded）","status":"passed","title":"gen.acceptLines 不再注册到规则树（D-033：真实 userAccept 未触发，恒 degraded）","duration":0.10310000000004038,"failureMessages":[],"meta":{}},{"ancestorTitles":["已退出 CREDIT 分数框架的指标（数据层保留、不再计分）"],"fullName":"已退出 CREDIT 分数框架的指标（数据层保留、不再计分） gen.acceptLines 计算实现仍保留，可离线复用","status":"passed","title":"gen.acceptLines 计算实现仍保留，可离线复用","duration":0.04239999999981592,"failureMessages":[],"meta":{}},{"ancestorTitles":["已退出 CREDIT 分数框架的指标（数据层保留、不再计分）"],"fullName":"已退出 CREDIT 分数框架的指标（数据层保留、不再计分） gen.verify.cursorNc 不再注册到规则树（D-035：cursor 事件仅 4 条且 dwell 全 0，恒为 0）","status":"passed","title":"gen.verify.cursorNc 不再注册到规则树（D-035：cursor 事件仅 4 条且 dwell 全 0，恒为 0）","duration":0.04349999999999454,"failureMessages":[],"meta":{}},{"ancestorTitles":["已退出 CREDIT 分数框架的指标（数据层保留、不再计分）"],"fullName":"已退出 CREDIT 分数框架的指标（数据层保留、不再计分） gen.verify.cursorNc 计算实现仍保留，可离线复用","status":"passed","title":"gen.verify.cursorNc 计算实现仍保留，可离线复用","duration":0.03559999999993124,"failureMessages":[],"meta":{}}],"startTime":1788938477495,"endTime":1788938477513.103,"status":"passed","message":"","name":"D:/Workspace/CREDIT/credit/packages/analyzer/src/credit/credit.test.ts"},{"assertionResults":[{"ancestorTitles":["工具函数"],"fullName":"工具函数 hashInput：同语义输入（key 顺序不同）得到相同 hash","status":"passed","title":"hashInput：同语义输入（key 顺序不同）得到相同 hash","duration":1.1614999999999327,"failureMessages":[],"meta":{}},{"ancestorTitles":["工具函数"],"fullName":"工具函数 readApiKey：只从环境变量取，缺失/空白返回 null","status":"passed","title":"readApiKey：只从环境变量取，缺失/空白返回 null","duration":0.28719999999998436,"failureMessages":[],"meta":{}},{"ancestorTitles":["工具函数"],"fullName":"工具函数 makeCacheKey：templateId / model / input 变化即换键","status":"passed","title":"makeCacheKey：templateId / model / input 变化即换键","duration":0.37550000000010186,"failureMessages":[],"meta":{}},{"ancestorTitles":["工具函数"],"fullName":"工具函数 validateJson：顶层 type 与 required 校验","status":"passed","title":"validateJson：顶层 type 与 required 校验","duration":0.2699000000000069,"failureMessages":[],"meta":{}},{"ancestorTitles":["NullLlmPort"],"fullName":"NullLlmPort 恒不可用，complete 返回 unavailable 且**不抛异常**","status":"passed","title":"恒不可用，complete 返回 unavailable 且**不抛异常**","duration":0.6120999999998276,"failureMessages":[],"meta":{}},{"ancestorTitles":["MockLlmPort（三模式）"],"fullName":"MockLlmPort（三模式） 模式 1：合法 JSON 正常返回，并记录调用","status":"passed","title":"模式 1：合法 JSON 正常返回，并记录调用","duration":0.931400000000167,"failureMessages":[],"meta":{}},{"ancestorTitles":["MockLlmPort（三模式）"],"fullName":"MockLlmPort（三模式） 模式 2：非法 JSON → invalid-json","status":"passed","title":"模式 2：非法 JSON → invalid-json","duration":0.22679999999991196,"failureMessages":[],"meta":{}},{"ancestorTitles":["MockLlmPort（三模式）"],"fullName":"MockLlmPort（三模式） 模式 3：超时 → timeout","status":"passed","title":"模式 3：超时 → timeout","duration":0.15010000000006585,"failureMessages":[],"meta":{}},{"ancestorTitles":["MockLlmPort（三模式）"],"fullName":"MockLlmPort（三模式） 未注册 templateId → error（不静默成功）","status":"passed","title":"未注册 templateId → error（不静默成功）","duration":0.16109999999980573,"failureMessages":[],"meta":{}},{"ancestorTitles":["MockLlmPort（三模式）"],"fullName":"MockLlmPort（三模式） 未启用（available=false）→ unavailable","status":"passed","title":"未启用（available=false）→ unavailable","duration":0.09220000000004802,"failureMessages":[],"meta":{}},{"ancestorTitles":["MockLlmPort（三模式）"],"fullName":"MockLlmPort（三模式） 响应不合规 → schema","status":"passed","title":"响应不合规 → schema","duration":0.08720000000016626,"failureMessages":[],"meta":{}},{"ancestorTitles":["OpenAILlmPort"],"fullName":"OpenAILlmPort 无密钥 → unavailable（不发起请求）","status":"passed","title":"无密钥 → unavailable（不发起请求）","duration":0.7017000000000735,"failureMessages":[],"meta":{}},{"ancestorTitles":["OpenAILlmPort"],"fullName":"OpenAILlmPort 正常路径：请求体结构正确，返回解析后的 JSON","status":"passed","title":"正常路径：请求体结构正确，返回解析后的 JSON","duration":1.2287000000001171,"failureMessages":[],"meta":{}},{"ancestorTitles":["OpenAILlmPort"],"fullName":"OpenAILlmPort 缓存：同输入二次调用命中缓存且不发起网络请求","status":"passed","title":"缓存：同输入二次调用命中缓存且不发起网络请求","duration":0.4498000000000957,"failureMessages":[],"meta":{}},{"ancestorTitles":["OpenAILlmPort"],"fullName":"OpenAILlmPort 模型输出非 JSON → invalid-json（重试后仍失败）","status":"passed","title":"模型输出非 JSON → invalid-json（重试后仍失败）","duration":0.48900000000003274,"failureMessages":[],"meta":{}},{"ancestorTitles":["OpenAILlmPort"],"fullName":"OpenAILlmPort schema 校验失败 → schema","status":"passed","title":"schema 校验失败 → schema","duration":0.1877999999999247,"failureMessages":[],"meta":{}},{"ancestorTitles":["OpenAILlmPort"],"fullName":"OpenAILlmPort 5xx → timeout 且可重试；2 次失败后返回最后一次原因","status":"passed","title":"5xx → timeout 且可重试；2 次失败后返回最后一次原因","duration":0.24319999999988795,"failureMessages":[],"meta":{}},{"ancestorTitles":["OpenAILlmPort"],"fullName":"OpenAILlmPort 4xx（非 429）→ error 且**不重试**","status":"passed","title":"4xx（非 429）→ error 且**不重试**","duration":0.30529999999998836,"failureMessages":[],"meta":{}},{"ancestorTitles":["OpenAILlmPort"],"fullName":"OpenAILlmPort AbortError（超时）→ timeout","status":"passed","title":"AbortError（超时）→ timeout","duration":0.2175999999999476,"failureMessages":[],"meta":{}},{"ancestorTitles":["OpenAILlmPort"],"fullName":"OpenAILlmPort 运行环境无 fetch → unavailable（不抛异常）","status":"passed","title":"运行环境无 fetch → unavailable（不抛异常）","duration":0.09459999999990032,"failureMessages":[],"meta":{}},{"ancestorTitles":["OpenAILlmPort"],"fullName":"OpenAILlmPort ```json 围栏包裹的输出也能正确解析","status":"passed","title":"```json 围栏包裹的输出也能正确解析","duration":0.2557999999999083,"failureMessages":[],"meta":{}},{"ancestorTitles":["OpenAILlmPort"],"fullName":"OpenAILlmPort 默认配置指向用户给定的外部 LLM（D-023）","status":"passed","title":"默认配置指向用户给定的外部 LLM（D-023）","duration":0.08899999999994179,"failureMessages":[],"meta":{}},{"ancestorTitles":["BitfunLlmPort"],"fullName":"BitfunLlmPort 未注入 app.ai → unavailable（P4 前预期）","status":"passed","title":"未注入 app.ai → unavailable（P4 前预期）","duration":0.21900000000005093,"failureMessages":[],"meta":{}},{"ancestorTitles":["BitfunLlmPort"],"fullName":"BitfunLlmPort 注入后走宿主通道并校验 schema；首个模型失败则降级 fallbackModel","status":"passed","title":"注入后走宿主通道并校验 schema；首个模型失败则降级 fallbackModel","duration":0.18509999999992033,"failureMessages":[],"meta":{}},{"ancestorTitles":["BitfunLlmPort"],"fullName":"BitfunLlmPort 宿主返回非法 JSON → 降级到 fallback；仍失败则返回 error 不抛异常","status":"passed","title":"宿主返回非法 JSON → 降级到 fallback；仍失败则返回 error 不抛异常","duration":0.20480000000020482,"failureMessages":[],"meta":{}},{"ancestorTitles":["JSON 模式请求契约（DeepSeek 隐藏约束）"],"fullName":"JSON 模式请求契约（DeepSeek 隐藏约束） 请求体带 response_format: json_object 与指定 model","status":"passed","title":"请求体带 response_format: json_object 与指定 model","duration":0.19960000000014588,"failureMessages":[],"meta":{}},{"ancestorTitles":["JSON 模式请求契约（DeepSeek 隐藏约束）"],"fullName":"JSON 模式请求契约（DeepSeek 隐藏约束） messages 缺 json 字样 → 自动补齐到 system（否则模型返回空/纯文本）","status":"passed","title":"messages 缺 json 字样 → 自动补齐到 system（否则模型返回空/纯文本）","duration":0.14099999999984902,"failureMessages":[],"meta":{}},{"ancestorTitles":["JSON 模式请求契约（DeepSeek 隐藏约束）"],"fullName":"JSON 模式请求契约（DeepSeek 隐藏约束） 已含 json 时不重复追加（幂等，避免污染 prompt）","status":"passed","title":"已含 json 时不重复追加（幂等，避免污染 prompt）","duration":0.09239999999999782,"failureMessages":[],"meta":{}},{"ancestorTitles":["JSON 模式请求契约（DeepSeek 隐藏约束）"],"fullName":"JSON 模式请求契约（DeepSeek 隐藏约束） Desc 的 SYSTEM_PROMPT 满足 json 约束（防改模板时误删）","status":"passed","title":"Desc 的 SYSTEM_PROMPT 满足 json 约束（防改模板时误删）","duration":0.05590000000006512,"failureMessages":[],"meta":{}},{"ancestorTitles":["JSON 模式请求契约（DeepSeek 隐藏约束）"],"fullName":"JSON 模式请求契约（DeepSeek 隐藏约束） ensureJsonMode：无 system 时新增一条 system 而非丢消息","status":"passed","title":"ensureJsonMode：无 system 时新增一条 system 而非丢消息","duration":0.1670000000001437,"failureMessages":[],"meta":{}},{"ancestorTitles":["JSON 模式请求契约（DeepSeek 隐藏约束）"],"fullName":"JSON 模式请求契约（DeepSeek 隐藏约束） 超时 → reason=timeout（**不是** invalid-json），便于定位推理模型慢","status":"passed","title":"超时 → reason=timeout（**不是** invalid-json），便于定位推理模型慢","duration":16.53449999999998,"failureMessages":[],"meta":{}},{"ancestorTitles":["JSON 模式请求契约（DeepSeek 隐藏约束）"],"fullName":"JSON 模式请求契约（DeepSeek 隐藏约束） 取不到 content → invalid-json 且错误信息含原始响应片段（便于排障）","status":"passed","title":"取不到 content → invalid-json 且错误信息含原始响应片段（便于排障）","duration":0.5036999999999807,"failureMessages":[],"meta":{}},{"ancestorTitles":["JSON 模式请求契约（DeepSeek 隐藏约束）"],"fullName":"JSON 模式请求契约（DeepSeek 隐藏约束） 默认超时已上调到 180s（推理模型单批实测 47s，60s 余量不足）","status":"passed","title":"默认超时已上调到 180s（推理模型单批实测 47s，60s 余量不足）","duration":0.12809999999990396,"failureMessages":[],"meta":{}}],"startTime":1788938476918,"endTime":1788938476946.1282,"status":"passed","message":"","name":"D:/Workspace/CREDIT/credit/packages/analyzer/src/llm/llm.test.ts"},{"assertionResults":[{"ancestorTitles":["segment · Task 切分（规则定边界）"],"fullName":"segment · Task 切分（规则定边界） S1：每条 Dev prompt 都是一个切点","status":"passed","title":"S1：每条 Dev prompt 都是一个切点","duration":1.3135999999999513,"failureMessages":[],"meta":{}},{"ancestorTitles":["segment · Task 切分（规则定边界）"],"fullName":"segment · Task 切分（规则定边界） S2：超过 idleGapMs 的空档切开（恰好等于不切）","status":"passed","title":"S2：超过 idleGapMs 的空档切开（恰好等于不切）","duration":0.26909999999998035,"failureMessages":[],"meta":{}},{"ancestorTitles":["segment · Task 切分（规则定边界）"],"fullName":"segment · Task 切分（规则定边界） S3：Dev 执行测试命令切开","status":"passed","title":"S3：Dev 执行测试命令切开","duration":0.13459999999986394,"failureMessages":[],"meta":{}},{"ancestorTitles":["segment · Task 切分（规则定边界）"],"fullName":"segment · Task 切分（规则定边界） S3 只认 Dev：actor=ai 的 terminal.exec 不切（Agent 跑命令属 Task 内部）","status":"passed","title":"S3 只认 Dev：actor=ai 的 terminal.exec 不切（Agent 跑命令属 Task 内部）","duration":0.07550000000014734,"failureMessages":[],"meta":{}},{"ancestorTitles":["segment · Task 切分（规则定边界）"],"fullName":"segment · Task 切分（规则定边界） S4：sessionId 切换切开","status":"passed","title":"S4：sessionId 切换切开","duration":0.0783000000001266,"failureMessages":[],"meta":{}},{"ancestorTitles":["segment · Task 切分（规则定边界）"],"fullName":"segment · Task 切分（规则定边界） S5 默认关闭（P1 样例实测噪声过大）；开启后生效","status":"passed","title":"S5 默认关闭（P1 样例实测噪声过大）；开启后生效","duration":0.12220000000002074,"failureMessages":[],"meta":{}},{"ancestorTitles":["segment · Task 切分（规则定边界）"],"fullName":"segment · Task 切分（规则定边界） 噪声抑制：< minClusterSize 的碎片并入相邻簇","status":"passed","title":"噪声抑制：< minClusterSize 的碎片并入相邻簇","duration":0.1592000000000553,"failureMessages":[],"meta":{}},{"ancestorTitles":["segment · Task 切分（规则定边界）"],"fullName":"segment · Task 切分（规则定边界） 空输入不崩溃","status":"passed","title":"空输入不崩溃","duration":0.10169999999993706,"failureMessages":[],"meta":{}},{"ancestorTitles":["testrun · 测试运行识别"],"fullName":"testrun · 测试运行识别 识别 Dev 的 cargo test 并解析结果","status":"passed","title":"识别 Dev 的 cargo test 并解析结果","duration":0.5674999999998818,"failureMessages":[],"meta":{}},{"ancestorTitles":["testrun · 测试运行识别"],"fullName":"testrun · 测试运行识别 start/end 两条同命令合并为一次运行","status":"passed","title":"start/end 两条同命令合并为一次运行","duration":0.25549999999998363,"failureMessages":[],"meta":{}},{"ancestorTitles":["testrun · 测试运行识别"],"fullName":"testrun · 测试运行识别 非测试命令不识别","status":"passed","title":"非测试命令不识别","duration":0.0987999999999829,"failureMessages":[],"meta":{}},{"ancestorTitles":["testrun · 测试运行识别"],"fullName":"testrun · 测试运行识别 无输出时靠 exitCode 粗判（parseOk=false）","status":"passed","title":"无输出时靠 exitCode 粗判（parseOk=false）","duration":0.13850000000002183,"failureMessages":[],"meta":{}},{"ancestorTitles":["testrun · 测试运行识别"],"fullName":"testrun · 测试运行识别 修复窗口：仅由失败运行生成","status":"passed","title":"修复窗口：仅由失败运行生成","duration":0.24959999999987303,"failureMessages":[],"meta":{}},{"ancestorTitles":["review · 语义反推（D-015）"],"fullName":"review · 语义反推（D-015） L1：review 子会话的 Dev prompt 是锚点","status":"passed","title":"L1：review 子会话的 Dev prompt 是锚点","duration":0.4287000000001626,"failureMessages":[],"meta":{}},{"ancestorTitles":["review · 语义反推（D-015）"],"fullName":"review · 语义反推（D-015） L1 补充：review 会话下的 AI 消息**不是**锚点（否则会吞掉后续修复）","status":"passed","title":"L1 补充：review 会话下的 AI 消息**不是**锚点（否则会吞掉后续修复）","duration":0.07940000000007785,"failureMessages":[],"meta":{}},{"ancestorTitles":["review · 语义反推（D-015）"],"fullName":"review · 语义反推（D-015） L2：主会话里含审阅语义的 prompt 也是锚点（覆盖非内置形态）","status":"passed","title":"L2：主会话里含审阅语义的 prompt 也是锚点（覆盖非内置形态）","duration":0.09259999999994761,"failureMessages":[],"meta":{}},{"ancestorTitles":["review · 语义反推（D-015）"],"fullName":"review · 语义反推（D-015） L3：AI 消息含 finding 结构 → 补充信号，非锚点","status":"passed","title":"L3：AI 消息含 finding 结构 → 补充信号，非锚点","duration":0.060500000000047294,"failureMessages":[],"meta":{}},{"ancestorTitles":["review · 语义反推（D-015）"],"fullName":"review · 语义反推（D-015） L3 不能单独发起一轮 review（初版 3 处误判的修复）","status":"passed","title":"L3 不能单独发起一轮 review（初版 3 处误判的修复）","duration":0.24589999999989232,"failureMessages":[],"meta":{}},{"ancestorTitles":["review · 语义反推（D-015）"],"fullName":"review · 语义反推（D-015） 轮数 = 不同 review 子会话数；处置语义可识别","status":"passed","title":"轮数 = 不同 review 子会话数；处置语义可识别","duration":0.5296000000000731,"failureMessages":[],"meta":{}},{"ancestorTitles":["review · 语义反推（D-015）"],"fullName":"review · 语义反推（D-015） 时间范围不越过下一轮起点，也不由 AI 消息无限延长","status":"passed","title":"时间范围不越过下一轮起点，也不由 AI 消息无限延长","duration":0.14430000000015752,"failureMessages":[],"meta":{}},{"ancestorTitles":["review · 语义反推（D-015）"],"fullName":"review · 语义反推（D-015） isReviewBehavior 供切分与归类共用","status":"passed","title":"isReviewBehavior 供切分与归类共用","duration":0.08359999999993306,"failureMessages":[],"meta":{}},{"ancestorTitles":["stage · 阶段标注（C1）"],"fullName":"stage · 阶段标注（C1） 规则 1：review 行为覆盖 → ai-review","status":"passed","title":"规则 1：review 行为覆盖 → ai-review","duration":0.1618999999998323,"failureMessages":[],"meta":{}},{"ancestorTitles":["stage · 阶段标注（C1）"],"fullName":"stage · 阶段标注（C1） 规则 2：SPEC 文件编辑 → spec-engineering","status":"passed","title":"规则 2：SPEC 文件编辑 → spec-engineering","duration":0.2279999999998381,"failureMessages":[],"meta":{}},{"ancestorTitles":["stage · 阶段标注（C1）"],"fullName":"stage · 阶段标注（C1） 规则 3：测试文件编辑（无失败上下文）→ test-planning","status":"passed","title":"规则 3：测试文件编辑（无失败上下文）→ test-planning","duration":0.06610000000000582,"failureMessages":[],"meta":{}},{"ancestorTitles":["stage · 阶段标注（C1）"],"fullName":"stage · 阶段标注（C1） 规则 4：修复窗口内 + 修复语义 prompt → ai-fix","status":"passed","title":"规则 4：修复窗口内 + 修复语义 prompt → ai-fix","duration":0.09349999999994907,"failureMessages":[],"meta":{}},{"ancestorTitles":["stage · 阶段标注（C1）"],"fullName":"stage · 阶段标注（C1） 规则 4 收紧：修复窗口内**仅有编辑**不再判 ai-fix（P1 样例误标的修复）","status":"passed","title":"规则 4 收紧：修复窗口内**仅有编辑**不再判 ai-fix（P1 样例误标的修复）","duration":0.20730000000003201,"failureMessages":[],"meta":{}},{"ancestorTitles":["stage · 阶段标注（C1）"],"fullName":"stage · 阶段标注（C1） 规则 5：Dev 触发的测试运行 → ai-testing","status":"passed","title":"规则 5：Dev 触发的测试运行 → ai-testing","duration":0.10169999999993706,"failureMessages":[],"meta":{}},{"ancestorTitles":["stage · 阶段标注（C1）"],"fullName":"stage · 阶段标注（C1） 规则 5 收紧：AI 边写边跑测试不算测试阶段（P1 样例 40 分钟误标）","status":"passed","title":"规则 5 收紧：AI 边写边跑测试不算测试阶段（P1 样例 40 分钟误标）","duration":0.09230000000002292,"failureMessages":[],"meta":{}},{"ancestorTitles":["stage · 阶段标注（C1）"],"fullName":"stage · 阶段标注（C1） 规则 6：人工验证语义 prompt → manual-verification","status":"passed","title":"规则 6：人工验证语义 prompt → manual-verification","duration":0.05809999999996762,"failureMessages":[],"meta":{}},{"ancestorTitles":["stage · 阶段标注（C1）"],"fullName":"stage · 阶段标注（C1） 规则 7：其余 → ai-code-generation","status":"passed","title":"规则 7：其余 → ai-code-generation","duration":0.08560000000011314,"failureMessages":[],"meta":{}},{"ancestorTitles":["stage · 阶段标注（C1）"],"fullName":"stage · 阶段标注（C1） SPEC 文件**只有阅读没有编辑**也算 SPEC 工程（T5 场景：用户在审阅）","status":"passed","title":"SPEC 文件**只有阅读没有编辑**也算 SPEC 工程（T5 场景：用户在审阅）","duration":0.07469999999989341,"failureMessages":[],"meta":{}},{"ancestorTitles":["stage · 阶段标注（C1）"],"fullName":"stage · 阶段标注（C1） 调研类 prompt 且未动源码 → SPEC 工程（T2 场景）","status":"passed","title":"调研类 prompt 且未动源码 → SPEC 工程（T2 场景）","duration":0.14200000000005275,"failureMessages":[],"meta":{}},{"ancestorTitles":["stage · 阶段标注（C1）"],"fullName":"stage · 阶段标注（C1） 方案讨论 prompt 且未动源码 → SPEC 工程（T4 场景）","status":"passed","title":"方案讨论 prompt 且未动源码 → SPEC 工程（T4 场景）","duration":0.06130000000007385,"failureMessages":[],"meta":{}},{"ancestorTitles":["stage · 阶段标注（C1）"],"fullName":"stage · 阶段标注（C1） 测试准备 prompt 且未动源码 → 测试方案准备（T6 前段场景）","status":"passed","title":"测试准备 prompt 且未动源码 → 测试方案准备（T6 前段场景）","duration":0.05529999999998836,"failureMessages":[],"meta":{}},{"ancestorTitles":["stage · 阶段标注（C1）"],"fullName":"stage · 阶段标注（C1） 已在写源码时不再判测试准备（避免 40 分钟实现被误标）","status":"passed","title":"已在写源码时不再判测试准备（避免 40 分钟实现被误标）","duration":0.06629999999995562,"failureMessages":[],"meta":{}},{"ancestorTitles":["stage · 阶段标注（C1）"],"fullName":"stage · 阶段标注（C1） README 不算规格文档（避免 T1 开场看 README 被误判）","status":"passed","title":"README 不算规格文档（避免 T1 开场看 README 被误判）","duration":0.06439999999997781,"failureMessages":[],"meta":{}},{"ancestorTitles":["stage · 阶段标注（C1）"],"fullName":"stage · 阶段标注（C1） 修复优先于人工验证：『人工验证**发现**问题 → 诊断』是修复不是验证通过（T9）","status":"passed","title":"修复优先于人工验证：『人工验证**发现**问题 → 诊断』是修复不是验证通过（T9）","duration":0.05529999999998836,"failureMessages":[],"meta":{}},{"ancestorTitles":["stage · 阶段标注（C1）"],"fullName":"stage · 阶段标注（C1） 人工复测通过 → manual-verification（T10）","status":"passed","title":"人工复测通过 → manual-verification（T10）","duration":0.05770000000006803,"failureMessages":[],"meta":{}},{"ancestorTitles":["stage · 阶段标注（C1）"],"fullName":"stage · 阶段标注（C1） Dev 跑测试 + 顺手看了眼报告 → 测试阶段，不被文档活动抢判（T8）","status":"passed","title":"Dev 跑测试 + 顺手看了眼报告 → 测试阶段，不被文档活动抢判（T8）","duration":0.07470000000012078,"failureMessages":[],"meta":{}},{"ancestorTitles":["stage · 阶段标注（C1）"],"fullName":"stage · 阶段标注（C1） spans 带 startTs/endTs（甘特图按 span 渲染所必需）","status":"passed","title":"spans 带 startTs/endTs（甘特图按 span 渲染所必需）","duration":0.4035999999998694,"failureMessages":[],"meta":{}},{"ancestorTitles":["stage · 阶段标注（C1）"],"fullName":"stage · 阶段标注（C1） 「开始写代码」成为子段锚点：备测试数据 → 实现 被切分（T6）","status":"passed","title":"「开始写代码」成为子段锚点：备测试数据 → 实现 被切分（T6）","duration":0.14200000000005275,"failureMessages":[],"meta":{}},{"ancestorTitles":["stage · 阶段标注（C1）"],"fullName":"stage · 阶段标注（C1） spans：混合 Task 的权重和为 1，且相邻同类被合并","status":"passed","title":"spans：混合 Task 的权重和为 1，且相邻同类被合并","duration":0.2098999999998341,"failureMessages":[],"meta":{}},{"ancestorTitles":["stage · 阶段标注（C1）"],"fullName":"stage · 阶段标注（C1） 空窗口 → unknown，不崩溃","status":"passed","title":"空窗口 → unknown，不崩溃","duration":0.10410000000001673,"failureMessages":[],"meta":{}},{"ancestorTitles":["desc · Desc 与降级链（D-018 修订 + D-023）"],"fullName":"desc · Desc 与降级链（D-018 修订 + D-023） cleanPrompt 剥离注入上下文块","status":"passed","title":"cleanPrompt 剥离注入上下文块","duration":0.35190000000011423,"failureMessages":[],"meta":{}},{"ancestorTitles":["desc · Desc 与降级链（D-018 修订 + D-023）"],"fullName":"desc · Desc 与降级链（D-018 修订 + D-023） cleanPrompt 识别系统模板并给出语义标签","status":"passed","title":"cleanPrompt 识别系统模板并给出语义标签","duration":0.12200000000007094,"failureMessages":[],"meta":{}},{"ancestorTitles":["desc · Desc 与降级链（D-018 修订 + D-023）"],"fullName":"desc · Desc 与降级链（D-018 修订 + D-023） cleanPrompt 超长截断","status":"passed","title":"cleanPrompt 超长截断","duration":0.12840000000005602,"failureMessages":[],"meta":{}},{"ancestorTitles":["desc · Desc 与降级链（D-018 修订 + D-023）"],"fullName":"desc · Desc 与降级链（D-018 修订 + D-023） L3 降级：普通 prompt 原文","status":"passed","title":"L3 降级：普通 prompt 原文","duration":0.1065000000000964,"failureMessages":[],"meta":{}},{"ancestorTitles":["desc · Desc 与降级链（D-018 修订 + D-023）"],"fullName":"desc · Desc 与降级链（D-018 修订 + D-023） L3 降级：系统模板 → 语义标签","status":"passed","title":"L3 降级：系统模板 → 语义标签","duration":0.04970000000002983,"failureMessages":[],"meta":{}},{"ancestorTitles":["desc · Desc 与降级链（D-018 修订 + D-023）"],"fullName":"desc · Desc 与降级链（D-018 修订 + D-023） L4 降级：AI 消息首句","status":"passed","title":"L4 降级：AI 消息首句","duration":0.19470000000001164,"failureMessages":[],"meta":{}},{"ancestorTitles":["desc · Desc 与降级链（D-018 修订 + D-023）"],"fullName":"desc · Desc 与降级链（D-018 修订 + D-023） L5 降级：无可得 → desc=null 且 source=rule","status":"passed","title":"L5 降级：无可得 → desc=null 且 source=rule","duration":0.14779999999996107,"failureMessages":[],"meta":{}},{"ancestorTitles":["desc · Desc 与降级链（D-018 修订 + D-023）"],"fullName":"desc · Desc 与降级链（D-018 修订 + D-023） LLM 可用：一次批量调用覆盖全部 Task，descSource=llm","status":"passed","title":"LLM 可用：一次批量调用覆盖全部 Task，descSource=llm","duration":0.6642000000001644,"failureMessages":[],"meta":{}},{"ancestorTitles":["desc · Desc 与降级链（D-018 修订 + D-023）"],"fullName":"desc · Desc 与降级链（D-018 修订 + D-023） LLM 不可用 → 全部降级，不抛异常","status":"passed","title":"LLM 不可用 → 全部降级，不抛异常","duration":0.12959999999998217,"failureMessages":[],"meta":{}},{"ancestorTitles":["desc · Desc 与降级链（D-018 修订 + D-023）"],"fullName":"desc · Desc 与降级链（D-018 修订 + D-023） LLM 返回非法 schema → 该批降级，不抛异常","status":"passed","title":"LLM 返回非法 schema → 该批降级，不抛异常","duration":0.10920000000010077,"failureMessages":[],"meta":{}},{"ancestorTitles":["files · 聚合与摘要"],"fullName":"files · 聚合与摘要 aggregateFiles 汇总动作与角色","status":"passed","title":"aggregateFiles 汇总动作与角色","duration":0.42449999999985266,"failureMessages":[],"meta":{}},{"ancestorTitles":["files · 聚合与摘要"],"fullName":"files · 聚合与摘要 behaviorSummary 恒非空（Desc 为 null 时的 UI 兜底）","status":"passed","title":"behaviorSummary 恒非空（Desc 为 null 时的 UI 兜底）","duration":0.19060000000013133,"failureMessages":[],"meta":{}},{"ancestorTitles":["files · 聚合与摘要"],"fullName":"files · 聚合与摘要 computeMetrics：aiRatio 与 dev/ai 计数","status":"passed","title":"computeMetrics：aiRatio 与 dev/ai 计数","duration":0.23040000000014516,"failureMessages":[],"meta":{}},{"ancestorTitles":["build · TaskGraph"],"fullName":"build · TaskGraph 结构完整：七阶段全量、无 unassigned、spans 权重归一","status":"passed","title":"结构完整：七阶段全量、无 unassigned、spans 权重归一","duration":1.92450000000008,"failureMessages":[],"meta":{}},{"ancestorTitles":["build · TaskGraph"],"fullName":"build · TaskGraph LLM 不可用时全部走规则降级，且 diagnostics 如实记录","status":"passed","title":"LLM 不可用时全部走规则降级，且 diagnostics 如实记录","duration":0.44610000000011496,"failureMessages":[],"meta":{}},{"ancestorTitles":["build · TaskGraph"],"fullName":"build · TaskGraph LLM 可用时 descSource=llm 且 llmCalls>0","status":"passed","title":"LLM 可用时 descSource=llm 且 llmCalls>0","duration":0.56899999999996,"failureMessages":[],"meta":{}},{"ancestorTitles":["build · TaskGraph"],"fullName":"build · TaskGraph 每个 Behavior 恰好归属一个 Task（无重无漏）","status":"passed","title":"每个 Behavior 恰好归属一个 Task（无重无漏）","duration":0.3647000000000844,"failureMessages":[],"meta":{}},{"ancestorTitles":["build · TaskGraph"],"fullName":"build · TaskGraph 空输入产出空图且不崩溃","status":"passed","title":"空输入产出空图且不崩溃","duration":0.13930000000004839,"failureMessages":[],"meta":{}},{"ancestorTitles":["spectrum · 人机主导权时间分布"],"fullName":"spectrum · 人机主导权时间分布 空输入 → 空数组","status":"passed","title":"空输入 → 空数组","duration":0.06760000000008404,"failureMessages":[],"meta":{}},{"ancestorTitles":["spectrum · 人机主导权时间分布"],"fullName":"spectrum · 人机主导权时间分布 短 Task（<4 条行为）退化为单点，ai = 整体占比","status":"passed","title":"短 Task（<4 条行为）退化为单点，ai = 整体占比","duration":0.10130000000003747,"failureMessages":[],"meta":{}},{"ancestorTitles":["spectrum · 人机主导权时间分布"],"fullName":"spectrum · 人机主导权时间分布 多段：前段人工主导、后段 AI 主导 —— 反映 Task 内部主导权变化","status":"passed","title":"多段：前段人工主导、后段 AI 主导 —— 反映 Task 内部主导权变化","duration":0.09760000000005675,"failureMessages":[],"meta":{}},{"ancestorTitles":["spectrum · 人机主导权时间分布"],"fullName":"spectrum · 人机主导权时间分布 空段用整体占比兜底，不产生跳变或 NaN","status":"passed","title":"空段用整体占比兜底，不产生跳变或 NaN","duration":0.1754000000000815,"failureMessages":[],"meta":{}},{"ancestorTitles":["spectrum · 人机主导权时间分布"],"fullName":"spectrum · 人机主导权时间分布 零时长（所有行为同 ts）退化为单点，不除零","status":"passed","title":"零时长（所有行为同 ts）退化为单点，不除零","duration":0.08629999999993743,"failureMessages":[],"meta":{}},{"ancestorTitles":["spectrum · 人机主导权时间分布"],"fullName":"spectrum · 人机主导权时间分布 段数受 maxSegments 与行为数共同约束（取较小者）","status":"passed","title":"段数受 maxSegments 与行为数共同约束（取较小者）","duration":0.116800000000012,"failureMessages":[],"meta":{}},{"ancestorTitles":["spectrum · 人机主导权时间分布"],"fullName":"spectrum · 人机主导权时间分布 t 单调递增且落在 [0,1]","status":"passed","title":"t 单调递增且落在 [0,1]","duration":0.1694999999999709,"failureMessages":[],"meta":{}},{"ancestorTitles":["spectrum · 人机主导权时间分布"],"fullName":"spectrum · 人机主导权时间分布 整体 ai 与 metrics.aiRatio 一致","status":"passed","title":"整体 ai 与 metrics.aiRatio 一致","duration":0.08539999999993597,"failureMessages":[],"meta":{}},{"ancestorTitles":["process · 分析插件（D-017）"],"fullName":"process · 分析插件（D-017） ai-involvement：输出光谱点与均值","status":"passed","title":"ai-involvement：输出光谱点与均值","duration":0.40399999999999636,"failureMessages":[],"meta":{}},{"ancestorTitles":["process · 分析插件（D-017）"],"fullName":"process · 分析插件（D-017） collab-pattern：AI 主导且人工编辑少 → 巡航式","status":"passed","title":"collab-pattern：AI 主导且人工编辑少 → 巡航式","duration":0.3589999999999236,"failureMessages":[],"meta":{}},{"ancestorTitles":["process · 分析插件（D-017）"],"fullName":"process · 分析插件（D-017） 插件抛异常被隔离：其他图层不受影响（架构 §3.3 纪律）","status":"passed","title":"插件抛异常被隔离：其他图层不受影响（架构 §3.3 纪律）","duration":0.3506999999999607,"failureMessages":[],"meta":{}},{"ancestorTitles":["process · 分析插件（D-017）"],"fullName":"process · 分析插件（D-017） registry.run：未注册 id 返回 null，已注册返回视图","status":"passed","title":"registry.run：未注册 id 返回 null，已注册返回视图","duration":0.20650000000000546,"failureMessages":[],"meta":{}},{"ancestorTitles":["process · 分析插件（D-017）"],"fullName":"process · 分析插件（D-017） ai-involvement：无 accept 事件 → warnings 提示边界由推断得出","status":"passed","title":"ai-involvement：无 accept 事件 → warnings 提示边界由推断得出","duration":0.1668000000001939,"failureMessages":[],"meta":{}},{"ancestorTitles":["process · 分析插件（D-017）"],"fullName":"process · 分析插件（D-017） collab-pattern：Dev 编辑占主导 → 手工式","status":"passed","title":"collab-pattern：Dev 编辑占主导 → 手工式","duration":0.1693000000000211,"failureMessages":[],"meta":{}},{"ancestorTitles":["process · 分析插件（D-017）"],"fullName":"process · 分析插件（D-017） collab-pattern：AI 产出密集 + 阅读行为占比高 → 审阅式","status":"passed","title":"collab-pattern：AI 产出密集 + 阅读行为占比高 → 审阅式","duration":0.2419999999999618,"failureMessages":[],"meta":{}}],"startTime":1788938477233,"endTime":1788938477250.242,"status":"passed","message":"","name":"D:/Workspace/CREDIT/credit/packages/analyzer/src/task/task.test.ts"},{"assertionResults":[{"ancestorTitles":["resolveRole（P1 T5，config-driven）"],"fullName":"resolveRole（P1 T5，config-driven） 按默认规则表分类（与 P0 roleOf 行为一致）","status":"passed","title":"按默认规则表分类（与 P0 roleOf 行为一致）","duration":1.161299999999983,"failureMessages":[],"meta":{}},{"ancestorTitles":["resolveRole（P1 T5，config-driven）"],"fullName":"resolveRole（P1 T5，config-driven） 规则表可替换（改配置即改行为，无需改代码）","status":"passed","title":"规则表可替换（改配置即改行为，无需改代码）","duration":0.19129999999995562,"failureMessages":[],"meta":{}},{"ancestorTitles":["resolveRole（P1 T5，config-driven）"],"fullName":"resolveRole（P1 T5，config-driven） 大小写不敏感","status":"passed","title":"大小写不敏感","duration":0.11540000000002237,"failureMessages":[],"meta":{}},{"ancestorTitles":["resolveRole（P1 T5，config-driven）"],"fullName":"resolveRole（P1 T5，config-driven） 空 uri 与空规则表兜底 unknown","status":"passed","title":"空 uri 与空规则表兜底 unknown","duration":0.07299999999997908,"failureMessages":[],"meta":{}},{"ancestorTitles":["resolveRole（P1 T5，config-driven）"],"fullName":"resolveRole（P1 T5，config-driven） 非法正则被跳过而非抛错","status":"passed","title":"非法正则被跳过而非抛错","duration":0.4601000000000113,"failureMessages":[],"meta":{}},{"ancestorTitles":["resolveRole（P1 T5，config-driven）"],"fullName":"resolveRole（P1 T5，config-driven） 默认规则表自身合法","status":"passed","title":"默认规则表自身合法","duration":0.10520000000002483,"failureMessages":[],"meta":{}}],"startTime":1788938476565,"endTime":1788938476568.1052,"status":"passed","message":"","name":"D:/Workspace/CREDIT/credit/packages/core/src/identify/file-role.test.ts"},{"assertionResults":[{"ancestorTitles":["IngressGovernor — 编辑合并（失焦驱动，对齐 foreshadow edit-merge）"],"fullName":"IngressGovernor — 编辑合并（失焦驱动，对齐 foreshadow edit-merge） 连续打字暂存为一块：首条 before + 末条 after","status":"passed","title":"连续打字暂存为一块：首条 before + 末条 after","duration":1.6398999999998978,"failureMessages":[],"meta":{}},{"ancestorTitles":["IngressGovernor — 编辑合并（失焦驱动，对齐 foreshadow edit-merge）"],"fullName":"IngressGovernor — 编辑合并（失焦驱动，对齐 foreshadow edit-merge） cursor 与 scroll 是白名单：不触发结算，编辑继续合并","status":"passed","title":"cursor 与 scroll 是白名单：不触发结算，编辑继续合并","duration":0.5009999999999764,"failureMessages":[],"meta":{}},{"ancestorTitles":["IngressGovernor — 编辑合并（失焦驱动，对齐 foreshadow edit-merge）"],"fullName":"IngressGovernor — 编辑合并（失焦驱动，对齐 foreshadow edit-merge） 切换文件 → 注意力转移，结算暂存的编辑","status":"passed","title":"切换文件 → 注意力转移，结算暂存的编辑","duration":0.22530000000006112,"failureMessages":[],"meta":{}},{"ancestorTitles":["IngressGovernor — 编辑合并（失焦驱动，对齐 foreshadow edit-merge）"],"fullName":"IngressGovernor — 编辑合并（失焦驱动，对齐 foreshadow edit-merge） 问 Agent → 注意力转移，结算暂存的编辑","status":"passed","title":"问 Agent → 注意力转移，结算暂存的编辑","duration":0.20199999999999818,"failureMessages":[],"meta":{}},{"ancestorTitles":["IngressGovernor — 编辑合并（失焦驱动，对齐 foreshadow edit-merge）"],"fullName":"IngressGovernor — 编辑合并（失焦驱动，对齐 foreshadow edit-merge） 同一文件内行号跳跃超过阈值 → 失焦结算","status":"passed","title":"同一文件内行号跳跃超过阈值 → 失焦结算","duration":0.21429999999998017,"failureMessages":[],"meta":{}},{"ancestorTitles":["IngressGovernor — 编辑合并（失焦驱动，对齐 foreshadow edit-merge）"],"fullName":"IngressGovernor — 编辑合并（失焦驱动，对齐 foreshadow edit-merge） 行号邻近（阈值内）不失焦，继续合并","status":"passed","title":"行号邻近（阈值内）不失焦，继续合并","duration":0.17790000000002237,"failureMessages":[],"meta":{}},{"ancestorTitles":["IngressGovernor — 编辑合并（失焦驱动，对齐 foreshadow edit-merge）"],"fullName":"IngressGovernor — 编辑合并（失焦驱动，对齐 foreshadow edit-merge） 净零编辑（加→删回到原样）整块丢弃，对齐 foreshadow","status":"passed","title":"净零编辑（加→删回到原样）整块丢弃，对齐 foreshadow","duration":0.16000000000008185,"failureMessages":[],"meta":{}},{"ancestorTitles":["IngressGovernor — 编辑合并（失焦驱动，对齐 foreshadow edit-merge）"],"fullName":"IngressGovernor — 编辑合并（失焦驱动，对齐 foreshadow edit-merge） 合并后按首 before 与尾 after 重算行级 diff","status":"passed","title":"合并后按首 before 与尾 after 重算行级 diff","duration":0.25490000000002055,"failureMessages":[],"meta":{}},{"ancestorTitles":["IngressGovernor — 编辑合并（失焦驱动，对齐 foreshadow edit-merge）"],"fullName":"IngressGovernor — 编辑合并（失焦驱动，对齐 foreshadow edit-merge） 不同 actor 的编辑分开暂存（dev 与 ai 不混）","status":"passed","title":"不同 actor 的编辑分开暂存（dev 与 ai 不混）","duration":0.2219000000000051,"failureMessages":[],"meta":{}},{"ancestorTitles":["IngressGovernor — 编辑合并（失焦驱动，对齐 foreshadow edit-merge）"],"fullName":"IngressGovernor — 编辑合并（失焦驱动，对齐 foreshadow edit-merge） 滚动/光标的窗口定时器不打断编辑合并（回归：定时器误冲刷编辑暂存）","status":"passed","title":"滚动/光标的窗口定时器不打断编辑合并（回归：定时器误冲刷编辑暂存）","duration":159.0027,"failureMessages":[],"meta":{}},{"ancestorTitles":["IngressGovernor — 编辑合并（失焦驱动，对齐 foreshadow edit-merge）"],"fullName":"IngressGovernor — 编辑合并（失焦驱动，对齐 foreshadow edit-merge） 超过 editMaxHoldMs 未失焦 → 兜底结算，避免数据滞留","status":"passed","title":"超过 editMaxHoldMs 未失焦 → 兜底结算，避免数据滞留","duration":0.2521999999999025,"failureMessages":[],"meta":{}},{"ancestorTitles":["IngressGovernor — 未打开文件的 AI 编辑合成"],"fullName":"IngressGovernor — 未打开文件的 AI 编辑合成 未打开的文件被 Agent 编辑 → 合成 actor=ai 的 edit","status":"passed","title":"未打开的文件被 Agent 编辑 → 合成 actor=ai 的 edit","duration":0.26739999999995234,"failureMessages":[],"meta":{}},{"ancestorTitles":["IngressGovernor — 未打开文件的 AI 编辑合成"],"fullName":"IngressGovernor — 未打开文件的 AI 编辑合成 已打开（有基线）的文件被 Agent 编辑 → 不合成，避免重复","status":"passed","title":"已打开（有基线）的文件被 Agent 编辑 → 不合成，避免重复","duration":0.10400000000004184,"failureMessages":[],"meta":{}},{"ancestorTitles":["IngressGovernor — 未打开文件的 AI 编辑合成"],"fullName":"IngressGovernor — 未打开文件的 AI 编辑合成 Write 工具（content，无 old_string）也能合成","status":"passed","title":"Write 工具（content，无 old_string）也能合成","duration":0.1068000000000211,"failureMessages":[],"meta":{}},{"ancestorTitles":["IngressGovernor — 未打开文件的 AI 编辑合成"],"fullName":"IngressGovernor — 未打开文件的 AI 编辑合成 非 Edit/Write 工具（如 Read）不合成","status":"passed","title":"非 Edit/Write 工具（如 Read）不合成","duration":0.07739999999989777,"failureMessages":[],"meta":{}},{"ancestorTitles":["IngressGovernor — 未打开文件的 AI 编辑合成"],"fullName":"IngressGovernor — 未打开文件的 AI 编辑合成 synthesizeAgentEdit=false 时关闭合成（配置驱动）","status":"passed","title":"synthesizeAgentEdit=false 时关闭合成（配置驱动）","duration":0.07739999999989777,"failureMessages":[],"meta":{}},{"ancestorTitles":["IngressGovernor — 基线事件治理（决策 D-007）"],"fullName":"IngressGovernor — 基线事件治理（决策 D-007） before 缺失且基线未建立：只建基线，不产出","status":"passed","title":"before 缺失且基线未建立：只建基线，不产出","duration":0.2314000000001215,"failureMessages":[],"meta":{}},{"ancestorTitles":["IngressGovernor — 基线事件治理（决策 D-007）"],"fullName":"IngressGovernor — 基线事件治理（决策 D-007） 基线建立后的编辑（带 before）正常暂存并在失焦时产出","status":"passed","title":"基线建立后的编辑（带 before）正常暂存并在失焦时产出","duration":0.161200000000008,"failureMessages":[],"meta":{}},{"ancestorTitles":["IngressGovernor — 基线事件治理（决策 D-007）"],"fullName":"IngressGovernor — 基线事件治理（决策 D-007） before 缺失但基线已建立：用基线补全 before 后暂存","status":"passed","title":"before 缺失但基线已建立：用基线补全 before 后暂存","duration":0.15619999999989886,"failureMessages":[],"meta":{}},{"ancestorTitles":["IngressGovernor — 基线事件治理（决策 D-007）"],"fullName":"IngressGovernor — 基线事件治理（决策 D-007） baselineEmitBehavior=true 时基线事件也产出（配置驱动）","status":"passed","title":"baselineEmitBehavior=true 时基线事件也产出（配置驱动）","duration":0.12229999999999563,"failureMessages":[],"meta":{}},{"ancestorTitles":["IngressGovernor — 滚动与选择合并"],"fullName":"IngressGovernor — 滚动与选择合并 scroll 合并：覆盖区间取并集、dwellMs 累加","status":"passed","title":"scroll 合并：覆盖区间取并集、dwellMs 累加","duration":0.6757000000000062,"failureMessages":[],"meta":{}},{"ancestorTitles":["IngressGovernor — 滚动与选择合并"],"fullName":"IngressGovernor — 滚动与选择合并 selection 合并：dwellMs 累加、位置取最后","status":"passed","title":"selection 合并：dwellMs 累加、位置取最后","duration":0.2016000000000986,"failureMessages":[],"meta":{}},{"ancestorTitles":["IngressGovernor — 滚动与光标的合并（滑动窗口 / 行容忍度）"],"fullName":"IngressGovernor — 滚动与光标的合并（滑动窗口 / 行容忍度） 一次连续滚动合并为一条（滑动窗口不切断，避免相邻区间重叠）","status":"passed","title":"一次连续滚动合并为一条（滑动窗口不切断，避免相邻区间重叠）","duration":0.2563999999999851,"failureMessages":[],"meta":{}},{"ancestorTitles":["IngressGovernor — 滚动与光标的合并（滑动窗口 / 行容忍度）"],"fullName":"IngressGovernor — 滚动与光标的合并（滑动窗口 / 行容忍度） 注意力转移（黑名单事件）结算滚动，不依赖时间","status":"passed","title":"注意力转移（黑名单事件）结算滚动，不依赖时间","duration":0.240099999999984,"failureMessages":[],"meta":{}},{"ancestorTitles":["IngressGovernor — 滚动与光标的合并（滑动窗口 / 行容忍度）"],"fullName":"IngressGovernor — 滚动与光标的合并（滑动窗口 / 行容忍度） 滚动跳到不相交的区域 → 结算上一段","status":"passed","title":"滚动跳到不相交的区域 → 结算上一段","duration":0.13380000000006476,"failureMessages":[],"meta":{}},{"ancestorTitles":["IngressGovernor — 滚动与光标的合并（滑动窗口 / 行容忍度）"],"fullName":"IngressGovernor — 滚动与光标的合并（滑动窗口 / 行容忍度） 持续滚动超过 scrollMaxHoldMs 兜底输出，避免数据滞留","status":"passed","title":"持续滚动超过 scrollMaxHoldMs 兜底输出，避免数据滞留","duration":0.16260000000011132,"failureMessages":[],"meta":{}},{"ancestorTitles":["IngressGovernor — 滚动与光标的合并（滑动窗口 / 行容忍度）"],"fullName":"IngressGovernor — 滚动与光标的合并（滑动窗口 / 行容忍度） cursor 在 ±20 行内跳动合并为一条","status":"passed","title":"cursor 在 ±20 行内跳动合并为一条","duration":0.19180000000005748,"failureMessages":[],"meta":{}},{"ancestorTitles":["IngressGovernor — 滚动与光标的合并（滑动窗口 / 行容忍度）"],"fullName":"IngressGovernor — 滚动与光标的合并（滑动窗口 / 行容忍度） cursor 行跳跃超过阈值 → 结算上一段","status":"passed","title":"cursor 行跳跃超过阈值 → 结算上一段","duration":0.15830000000005384,"failureMessages":[],"meta":{}},{"ancestorTitles":["IngressGovernor — 非合并类事件透传并触发结算"],"fullName":"IngressGovernor — 非合并类事件透传并触发结算 prompt/accept/agent/terminal 立即输出（并结算暂存编辑）","status":"passed","title":"prompt/accept/agent/terminal 立即输出（并结算暂存编辑）","duration":0.2822000000001026,"failureMessages":[],"meta":{}}],"startTime":1788938476578,"endTime":1788938476745.2822,"status":"passed","message":"","name":"D:/Workspace/CREDIT/credit/packages/core/src/ingress/governor.test.ts"},{"assertionResults":[{"ancestorTitles":["normalize · 协议字段归位（架构 §5.2.1）"],"fullName":"normalize · 协议字段归位（架构 §5.2.1） promptSubmitted：sessionId 落 context.sessionId，dialog.uri 保持 sessionId","status":"passed","title":"promptSubmitted：sessionId 落 context.sessionId，dialog.uri 保持 sessionId","duration":1.5507000000000062,"failureMessages":[],"meta":{}},{"ancestorTitles":["normalize · 协议字段归位（架构 §5.2.1）"],"fullName":"normalize · 协议字段归位（架构 §5.2.1） agentToolUse：toolName / toolInput / sessionId 落 context","status":"passed","title":"agentToolUse：toolName / toolInput / sessionId 落 context","duration":0.4772000000000389,"failureMessages":[],"meta":{}},{"ancestorTitles":["normalize · 协议字段归位（架构 §5.2.1）"],"fullName":"normalize · 协议字段归位（架构 §5.2.1） agentToolUse：panel.uri = 工具目标文件，不再塞 toolName","status":"passed","title":"agentToolUse：panel.uri = 工具目标文件，不再塞 toolName","duration":0.2403999999999087,"failureMessages":[],"meta":{}},{"ancestorTitles":["normalize · 协议字段归位（架构 §5.2.1）"],"fullName":"normalize · 协议字段归位（架构 §5.2.1） agentToolUse：toolInput 无文件路径时 panel.uri 不填（禁止回落 toolName）","status":"passed","title":"agentToolUse：toolInput 无文件路径时 panel.uri 不填（禁止回落 toolName）","duration":0.2743000000000393,"failureMessages":[],"meta":{}},{"ancestorTitles":["normalize · 协议字段归位（架构 §5.2.1）"],"fullName":"normalize · 协议字段归位（架构 §5.2.1） agentMessage：sessionId 落 context.sessionId","status":"passed","title":"agentMessage：sessionId 落 context.sessionId","duration":0.08519999999998618,"failureMessages":[],"meta":{}},{"ancestorTitles":["normalize · 协议字段归位（架构 §5.2.1）"],"fullName":"normalize · 协议字段归位（架构 §5.2.1） userAccept：sessionId 落 context.sessionId","status":"passed","title":"userAccept：sessionId 落 context.sessionId","duration":0.08910000000003038,"failureMessages":[],"meta":{}},{"ancestorTitles":["normalize · 协议字段归位（架构 §5.2.1）"],"fullName":"normalize · 协议字段归位（架构 §5.2.1） object.uri 语义由 object.kind 唯一决定（跨全部 action）","status":"passed","title":"object.uri 语义由 object.kind 唯一决定（跨全部 action）","duration":0.3694999999999027,"failureMessages":[],"meta":{}},{"ancestorTitles":["normalize · 空 cmd 丢弃（D-019）"],"fullName":"normalize · 空 cmd 丢弃（D-019） 空串 / 纯空白 / 换行 → 返回 null（不产出 Behavior）","status":"passed","title":"空串 / 纯空白 / 换行 → 返回 null（不产出 Behavior）","duration":0.11810000000002674,"failureMessages":[],"meta":{}},{"ancestorTitles":["normalize · 空 cmd 丢弃（D-019）"],"fullName":"normalize · 空 cmd 丢弃（D-019） 非空白 cmd 正常产出","status":"passed","title":"非空白 cmd 正常产出","duration":0.1796999999999116,"failureMessages":[],"meta":{}},{"ancestorTitles":["normalize · 空 cmd 丢弃（D-019）"],"fullName":"normalize · 空 cmd 丢弃（D-019） cmd 缺失（undefined）同样丢弃","status":"passed","title":"cmd 缺失（undefined）同样丢弃","duration":0.08400000000006003,"failureMessages":[],"meta":{}},{"ancestorTitles":["extractToolTargetFile"],"fullName":"extractToolTargetFile 识别常见文件路径键","status":"passed","title":"识别常见文件路径键","duration":0.21460000000001855,"failureMessages":[],"meta":{}},{"ancestorTitles":["normalize · 回归（既有映射不因归位而改变）"],"fullName":"normalize · 回归（既有映射不因归位而改变） roleOf 按扩展名 / 文件名分类（config-driven 规则表）","status":"passed","title":"roleOf 按扩展名 / 文件名分类（config-driven 规则表）","duration":0.1390999999999849,"failureMessages":[],"meta":{}},{"ancestorTitles":["normalize · 回归（既有映射不因归位而改变）"],"fullName":"normalize · 回归（既有映射不因归位而改变） selectionChanged → view / cursor，带 lineRange 与 dwellMs","status":"passed","title":"selectionChanged → view / cursor，带 lineRange 与 dwellMs","duration":0.1714999999999236,"failureMessages":[],"meta":{}},{"ancestorTitles":["normalize · 回归（既有映射不因归位而改变）"],"fullName":"normalize · 回归（既有映射不因归位而改变） actor / action 映射保持 P1 语义","status":"passed","title":"actor / action 映射保持 P1 语义","duration":0.17210000000000036,"failureMessages":[],"meta":{}},{"ancestorTitles":["normalize · 回归（既有映射不因归位而改变）"],"fullName":"normalize · 回归（既有映射不因归位而改变） textChanged 仍带 before / after / diff","status":"passed","title":"textChanged 仍带 before / after / diff","duration":0.5186999999999671,"failureMessages":[],"meta":{}}],"startTime":1788938476569,"endTime":1788938476573.5188,"status":"passed","message":"","name":"D:/Workspace/CREDIT/credit/packages/core/src/ingress/normalize.test.ts"},{"assertionResults":[{"ancestorTitles":["BehaviorStore — 双层落盘（P1 T2）"],"fullName":"BehaviorStore — 双层落盘（P1 T2） raw 与 behaviors 分别落盘到各自目录","status":"passed","title":"raw 与 behaviors 分别落盘到各自目录","duration":14.901100000000042,"failureMessages":[],"meta":{}},{"ancestorTitles":["BehaviorStore — 双层落盘（P1 T2）"],"fullName":"BehaviorStore — 双层落盘（P1 T2） readBehaviors 跳过坏行并计数，且不改写原文件","status":"passed","title":"readBehaviors 跳过坏行并计数，且不改写原文件","duration":10.000300000000038,"failureMessages":[],"meta":{}},{"ancestorTitles":["BehaviorStore — 双层落盘（P1 T2）"],"fullName":"BehaviorStore — 双层落盘（P1 T2） readRaw 同样具备坏行容错","status":"passed","title":"readRaw 同样具备坏行容错","duration":9.905099999999948,"failureMessages":[],"meta":{}},{"ancestorTitles":["BehaviorStore — 双层落盘（P1 T2）"],"fullName":"BehaviorStore — 双层落盘（P1 T2） v 字段缺失时经版本迁移补全","status":"passed","title":"v 字段缺失时经版本迁移补全","duration":7.65300000000002,"failureMessages":[],"meta":{}},{"ancestorTitles":["BehaviorStore — 双层落盘（P1 T2）"],"fullName":"BehaviorStore — 双层落盘（P1 T2） 文件不存在返回空结果（不抛错）","status":"passed","title":"文件不存在返回空结果（不抛错）","duration":6.455200000000104,"failureMessages":[],"meta":{}},{"ancestorTitles":["BehaviorStore — 双层落盘（P1 T2）"],"fullName":"BehaviorStore — 双层落盘（P1 T2） removeSessionData 在无 unlink 能力时降级为 failed（不抛错）","status":"passed","title":"removeSessionData 在无 unlink 能力时降级为 failed（不抛错）","duration":4.445599999999899,"failureMessages":[],"meta":{}},{"ancestorTitles":["BehaviorStore — 双层落盘（P1 T2）"],"fullName":"BehaviorStore — 双层落盘（P1 T2） parseJsonl 忽略空行","status":"passed","title":"parseJsonl 忽略空行","duration":5.607399999999984,"failureMessages":[],"meta":{}}],"startTime":1788938476888,"endTime":1788938476946.6074,"status":"passed","message":"","name":"D:/Workspace/CREDIT/credit/packages/core/src/store/datalayer.test.ts"},{"assertionResults":[{"ancestorTitles":["BehaviorStore (real tmp fs)"],"fullName":"BehaviorStore (real tmp fs) append + flush writes jsonl lines with v field","status":"passed","title":"append + flush writes jsonl lines with v field","duration":13.163400000000024,"failureMessages":[],"meta":{}},{"ancestorTitles":["BehaviorStore (real tmp fs)"],"fullName":"BehaviorStore (real tmp fs) writeSession is atomic (tmp removed after rename)","status":"passed","title":"writeSession is atomic (tmp removed after rename)","duration":9.913600000000088,"failureMessages":[],"meta":{}},{"ancestorTitles":["BehaviorStore (real tmp fs)"],"fullName":"BehaviorStore (real tmp fs) readSession returns null when absent","status":"passed","title":"readSession returns null when absent","duration":6.080100000000016,"failureMessages":[],"meta":{}},{"ancestorTitles":["BehaviorStore (real tmp fs)"],"fullName":"BehaviorStore (real tmp fs) readSession returns written session","status":"passed","title":"readSession returns written session","duration":9.62779999999998,"failureMessages":[],"meta":{}}],"startTime":1788938476887,"endTime":1788938476926.6277,"status":"passed","message":"","name":"D:/Workspace/CREDIT/credit/packages/core/src/store/jsonl-store.test.ts"},{"assertionResults":[{"ancestorTitles":["SessionManager — 断点恢复与生命周期（P1 T3）"],"fullName":"SessionManager — 断点恢复与生命周期（P1 T3） recording → 自动续采（沿用 prId 与 seq）","status":"passed","title":"recording → 自动续采（沿用 prId 与 seq）","duration":14.977499999999964,"failureMessages":[],"meta":{}},{"ancestorTitles":["SessionManager — 断点恢复与生命周期（P1 T3）"],"fullName":"SessionManager — 断点恢复与生命周期（P1 T3） recording 续采：session.json 的 seq 被其它进程重置时，以数据文件校正（id 不重复）","status":"passed","title":"recording 续采：session.json 的 seq 被其它进程重置时，以数据文件校正（id 不重复）","duration":19.369500000000016,"failureMessages":[],"meta":{}},{"ancestorTitles":["SessionManager — 断点恢复与生命周期（P1 T3）"],"fullName":"SessionManager — 断点恢复与生命周期（P1 T3） 外部进程写入 idle（放弃记录）时，本地 recording 会话被清空","status":"passed","title":"外部进程写入 idle（放弃记录）时，本地 recording 会话被清空","duration":13.248000000000047,"failureMessages":[],"meta":{}},{"ancestorTitles":["SessionManager — 断点恢复与生命周期（P1 T3）"],"fullName":"SessionManager — 断点恢复与生命周期（P1 T3） 外部 idle 且本地本就无会话时，不产生变更","status":"passed","title":"外部 idle 且本地本就无会话时，不产生变更","duration":8.464599999999791,"failureMessages":[],"meta":{}},{"ancestorTitles":["SessionManager — 断点恢复与生命周期（P1 T3）"],"fullName":"SessionManager — 断点恢复与生命周期（P1 T3） computing 回退 recording 时同样以数据文件校正 seq","status":"passed","title":"computing 回退 recording 时同样以数据文件校正 seq","duration":12.714499999999816,"failureMessages":[],"meta":{}},{"ancestorTitles":["SessionManager — 断点恢复与生命周期（P1 T3）"],"fullName":"SessionManager — 断点恢复与生命周期（P1 T3） computing → 回退 recording（P1 无计算）且落盘同步","status":"passed","title":"computing → 回退 recording（P1 无计算）且落盘同步","duration":7.879899999999907,"failureMessages":[],"meta":{}},{"ancestorTitles":["SessionManager — 断点恢复与生命周期（P1 T3）"],"fullName":"SessionManager — 断点恢复与生命周期（P1 T3） committed / idle → 等待新会话","status":"passed","title":"committed / idle → 等待新会话","duration":8.048800000000028,"failureMessages":[],"meta":{}},{"ancestorTitles":["SessionManager — 断点恢复与生命周期（P1 T3）"],"fullName":"SessionManager — 断点恢复与生命周期（P1 T3） session.json 损坏 → 安全降级，不删除任何数据文件","status":"passed","title":"session.json 损坏 → 安全降级，不删除任何数据文件","duration":5.774799999999914,"failureMessages":[],"meta":{}},{"ancestorTitles":["SessionManager — 断点恢复与生命周期（P1 T3）"],"fullName":"SessionManager — 断点恢复与生命周期（P1 T3） 无 session 文件 → none","status":"passed","title":"无 session 文件 → none","duration":4.261400000000094,"failureMessages":[],"meta":{}},{"ancestorTitles":["SessionManager — 断点恢复与生命周期（P1 T3）"],"fullName":"SessionManager — 断点恢复与生命周期（P1 T3） finish = end + commit，直达 committed","status":"passed","title":"finish = end + commit，直达 committed","duration":8.852199999999812,"failureMessages":[],"meta":{}},{"ancestorTitles":["SessionManager — 断点恢复与生命周期（P1 T3）"],"fullName":"SessionManager — 断点恢复与生命周期（P1 T3） start 时上轮未结束会先 finish 保存（不停在 computing）","status":"passed","title":"start 时上轮未结束会先 finish 保存（不停在 computing）","duration":9.369499999999789,"failureMessages":[],"meta":{}},{"ancestorTitles":["SessionManager — 断点恢复与生命周期（P1 T3）"],"fullName":"SessionManager — 断点恢复与生命周期（P1 T3） reset 放弃本轮：删数据文件 + 置 idle","status":"passed","title":"reset 放弃本轮：删数据文件 + 置 idle","duration":11.193399999999883,"failureMessages":[],"meta":{}},{"ancestorTitles":["SessionManager — 断点恢复与生命周期（P1 T3）"],"fullName":"SessionManager — 断点恢复与生命周期（P1 T3） reset 后未 flush 的缓冲不再落盘","status":"passed","title":"reset 后未 flush 的缓冲不再落盘","duration":7.439399999999978,"failureMessages":[],"meta":{}},{"ancestorTitles":["SessionManager — 断点恢复与生命周期（P1 T3）"],"fullName":"SessionManager — 断点恢复与生命周期（P1 T3） handle 路由 credit.control.finish","status":"passed","title":"handle 路由 credit.control.finish","duration":7.985100000000102,"failureMessages":[],"meta":{}}],"startTime":1788938476891,"endTime":1788938477030.985,"status":"passed","message":"","name":"D:/Workspace/CREDIT/credit/packages/core/src/session/recover.test.ts"},{"assertionResults":[{"ancestorTitles":["SessionManager"],"fullName":"SessionManager start -> recording, commits via end/commit","status":"passed","title":"start -> recording, commits via end/commit","duration":16.05919999999992,"failureMessages":[],"meta":{}},{"ancestorTitles":["SessionManager"],"fullName":"SessionManager invalid transition throws","status":"passed","title":"invalid transition throws","duration":15.405199999999923,"failureMessages":[],"meta":{}},{"ancestorTitles":["SessionManager"],"fullName":"SessionManager handle credit.control.* routes","status":"passed","title":"handle credit.control.* routes","duration":10.934300000000007,"failureMessages":[],"meta":{}},{"ancestorTitles":["SessionManager"],"fullName":"SessionManager nextSeq increments and bumpCount tracks","status":"passed","title":"nextSeq increments and bumpCount tracks","duration":7.5663999999999305,"failureMessages":[],"meta":{}}],"startTime":1788938476889,"endTime":1788938476939.5664,"status":"passed","message":"","name":"D:/Workspace/CREDIT/credit/packages/core/src/session/session-manager.test.ts"},{"assertionResults":[{"ancestorTitles":["accept-bridge"],"fullName":"accept-bridge maps user_accept_file -> userAccept (file, no diff in P0)","status":"passed","title":"maps user_accept_file -> userAccept (file, no diff in P0)","duration":2.0312000000000126,"failureMessages":[],"meta":{}}],"startTime":1788938477015,"endTime":1788938477017.0312,"status":"passed","message":"","name":"D:/Workspace/CREDIT/credit/bridges/bitfun/accept-bridge.test.ts"},{"assertionResults":[{"ancestorTitles":["agent-bridge"],"fullName":"agent-bridge maps dialog-turn-started -> promptSubmitted and tool-event -> agentToolUse","status":"passed","title":"maps dialog-turn-started -> promptSubmitted and tool-event -> agentToolUse","duration":2.020500000000027,"failureMessages":[],"meta":{}}],"startTime":1788938476562,"endTime":1788938476564.0205,"status":"passed","message":"","name":"D:/Workspace/CREDIT/credit/bridges/bitfun/agent-bridge.test.ts"},{"assertionResults":[{"ancestorTitles":["control-api 生命周期命令后处理"],"fullName":"control-api 生命周期命令后处理 finish 后冲刷治理暂存并落盘（保存不丢最后一段行为）","status":"passed","title":"finish 后冲刷治理暂存并落盘（保存不丢最后一段行为）","duration":2.0077999999999747,"failureMessages":[],"meta":{}},{"ancestorTitles":["control-api 生命周期命令后处理"],"fullName":"control-api 生命周期命令后处理 end 后同样冲刷暂存","status":"passed","title":"end 后同样冲刷暂存","duration":0.36209999999994125,"failureMessages":[],"meta":{}},{"ancestorTitles":["control-api 生命周期命令后处理"],"fullName":"control-api 生命周期命令后处理 reset 后丢弃暂存，绝不冲刷（放弃的数据不落盘）","status":"passed","title":"reset 后丢弃暂存，绝不冲刷（放弃的数据不落盘）","duration":0.24279999999998836,"failureMessages":[],"meta":{}},{"ancestorTitles":["control-api 生命周期命令后处理"],"fullName":"control-api 生命周期命令后处理 getStatus 不冲刷暂存（避免打断正在进行的编辑）","status":"passed","title":"getStatus 不冲刷暂存（避免打断正在进行的编辑）","duration":0.13350000000002638,"failureMessages":[],"meta":{}},{"ancestorTitles":["control-api 生命周期命令后处理"],"fullName":"control-api 生命周期命令后处理 未注入 flush/discard 时不报错（向后兼容）","status":"passed","title":"未注入 flush/discard 时不报错（向后兼容）","duration":0.1817999999999529,"failureMessages":[],"meta":{}}],"startTime":1788938476509,"endTime":1788938476511.362,"status":"passed","message":"","name":"D:/Workspace/CREDIT/credit/bridges/bitfun/control-api.test.ts"},{"assertionResults":[{"ancestorTitles":["foreshadow-bridge self-capture"],"fullName":"foreshadow-bridge self-capture publishes textChanged (merged, line-diff hunks) from onModelContentChanged","status":"passed","title":"publishes textChanged (merged, line-diff hunks) from onModelContentChanged","duration":4.917700000000082,"failureMessages":[],"meta":{}},{"ancestorTitles":["foreshadow-bridge self-capture"],"fullName":"foreshadow-bridge self-capture fileOpened dedupes same uri within 10s window","status":"passed","title":"fileOpened dedupes same uri within 10s window","duration":1.0769999999999982,"failureMessages":[],"meta":{}},{"ancestorTitles":["foreshadow-bridge self-capture"],"fullName":"foreshadow-bridge self-capture does NOT throw when handler errors (self-capture + count)","status":"passed","title":"does NOT throw when handler errors (self-capture + count)","duration":1.2208000000000538,"failureMessages":[],"meta":{}}],"startTime":1788938476563,"endTime":1788938476571.2207,"status":"passed","message":"","name":"D:/Workspace/CREDIT/credit/bridges/bitfun/foreshadow-bridge.test.ts"},{"assertionResults":[{"ancestorTitles":["preview-bridge（B-012：md 预览模式阅读采集）"],"fullName":"preview-bridge（B-012：md 预览模式阅读采集） 挂载时产出 fileOpened + activeEditorChanged(editorKind=preview)","status":"passed","title":"挂载时产出 fileOpened + activeEditorChanged(editorKind=preview)","duration":2.84680000000003,"failureMessages":[],"meta":{}},{"ancestorTitles":["preview-bridge（B-012：md 预览模式阅读采集）"],"fullName":"preview-bridge（B-012：md 预览模式阅读采集） scroll 按滚动比例估算行区间并标 approximate","status":"passed","title":"scroll 按滚动比例估算行区间并标 approximate","duration":0.7742999999999256,"failureMessages":[],"meta":{}},{"ancestorTitles":["preview-bridge（B-012：md 预览模式阅读采集）"],"fullName":"preview-bridge（B-012：md 预览模式阅读采集） 滚到底部时 lastLine 收敛到总行数","status":"passed","title":"滚到底部时 lastLine 收敛到总行数","duration":0.5588999999999942,"failureMessages":[],"meta":{}},{"ancestorTitles":["preview-bridge（B-012：md 预览模式阅读采集）"],"fullName":"preview-bridge（B-012：md 预览模式阅读采集） 缺少总行数时不产出滚动事件（避免无意义的行号）","status":"passed","title":"缺少总行数时不产出滚动事件（避免无意义的行号）","duration":0.7395999999999958,"failureMessages":[],"meta":{}},{"ancestorTitles":["preview-bridge（B-012：md 预览模式阅读采集）"],"fullName":"preview-bridge（B-012：md 预览模式阅读采集） 元素失效（脱离文档）后重新挂载可再次产出事件","status":"passed","title":"元素失效（脱离文档）后重新挂载可再次产出事件","duration":0.4675999999999476,"failureMessages":[],"meta":{}},{"ancestorTitles":["preview-bridge（B-012：md 预览模式阅读采集）"],"fullName":"preview-bridge（B-012：md 预览模式阅读采集） filePath 缺失时降级为合成 uri","status":"passed","title":"filePath 缺失时降级为合成 uri","duration":0.38850000000002183,"failureMessages":[],"meta":{}},{"ancestorTitles":["preview-bridge（B-012：md 预览模式阅读采集）"],"fullName":"preview-bridge（B-012：md 预览模式阅读采集） publish 抛错被 guard 自捕获（§5 旁路纪律）","status":"passed","title":"publish 抛错被 guard 自捕获（§5 旁路纪律）","duration":0.42230000000006385,"failureMessages":[],"meta":{}}],"startTime":1788938476519,"endTime":1788938476525.4224,"status":"passed","message":"","name":"D:/Workspace/CREDIT/credit/bridges/bitfun/preview-bridge.test.ts"},{"assertionResults":[{"ancestorTitles":["textarea-bridge（B-012：md 源码模式补采）"],"fullName":"textarea-bridge（B-012：md 源码模式补采） 挂载时产出 fileOpened + activeEditorChanged(editorKind=textarea)","status":"passed","title":"挂载时产出 fileOpened + activeEditorChanged(editorKind=textarea)","duration":2.8049000000000888,"failureMessages":[],"meta":{}},{"ancestorTitles":["textarea-bridge（B-012：md 源码模式补采）"],"fullName":"textarea-bridge（B-012：md 源码模式补采） input 产出 textChanged：before 取上次快照，净零不产出","status":"passed","title":"input 产出 textChanged：before 取上次快照，净零不产出","duration":1.280300000000011,"failureMessages":[],"meta":{}},{"ancestorTitles":["textarea-bridge（B-012：md 源码模式补采）"],"fullName":"textarea-bridge（B-012：md 源码模式补采） scroll 产出 textScrolled：按行高估算可见行区间并标 approximate","status":"passed","title":"scroll 产出 textScrolled：按行高估算可见行区间并标 approximate","duration":0.6165999999999485,"failureMessages":[],"meta":{}},{"ancestorTitles":["textarea-bridge（B-012：md 源码模式补采）"],"fullName":"textarea-bridge（B-012：md 源码模式补采） selectionchange 产出 selectionChanged：行号由 selectionStart 精确计算","status":"passed","title":"selectionchange 产出 selectionChanged：行号由 selectionStart 精确计算","duration":0.5006000000000768,"failureMessages":[],"meta":{}},{"ancestorTitles":["textarea-bridge（B-012：md 源码模式补采）"],"fullName":"textarea-bridge（B-012：md 源码模式补采） 选区非空时带 selection 文本与 kind=select","status":"passed","title":"选区非空时带 selection 文本与 kind=select","duration":0.32929999999998927,"failureMessages":[],"meta":{}},{"ancestorTitles":["textarea-bridge（B-012：md 源码模式补采）"],"fullName":"textarea-bridge（B-012：md 源码模式补采） 焦点不在本 textarea 时不产出 selectionChanged","status":"passed","title":"焦点不在本 textarea 时不产出 selectionChanged","duration":0.36449999999990723,"failureMessages":[],"meta":{}},{"ancestorTitles":["textarea-bridge（B-012：md 源码模式补采）"],"fullName":"textarea-bridge（B-012：md 源码模式补采） 元素失效（脱离文档）后重新挂载可再次产出事件","status":"passed","title":"元素失效（脱离文档）后重新挂载可再次产出事件","duration":0.5169999999999391,"failureMessages":[],"meta":{}},{"ancestorTitles":["textarea-bridge（B-012：md 源码模式补采）"],"fullName":"textarea-bridge（B-012：md 源码模式补采） filePath 缺失时降级为合成 uri（不丢事件）","status":"passed","title":"filePath 缺失时降级为合成 uri（不丢事件）","duration":0.5996000000000095,"failureMessages":[],"meta":{}},{"ancestorTitles":["textarea-bridge（B-012：md 源码模式补采）"],"fullName":"textarea-bridge（B-012：md 源码模式补采） publish 抛错被 guard 自捕获（§5 旁路纪律）","status":"passed","title":"publish 抛错被 guard 自捕获（§5 旁路纪律）","duration":0.7558999999999969,"failureMessages":[],"meta":{}}],"startTime":1788938476519,"endTime":1788938476527.7559,"status":"passed","message":"","name":"D:/Workspace/CREDIT/credit/bridges/bitfun/textarea-bridge.test.ts"},{"assertionResults":[{"ancestorTitles":["tiptap-bridge（B-012：md 文件行为补采）"],"fullName":"tiptap-bridge（B-012：md 文件行为补采） 挂载时产出 fileOpened + activeEditorChanged(editorKind=tiptap)","status":"passed","title":"挂载时产出 fileOpened + activeEditorChanged(editorKind=tiptap)","duration":3.237600000000043,"failureMessages":[],"meta":{}},{"ancestorTitles":["tiptap-bridge（B-012：md 文件行为补采）"],"fullName":"tiptap-bridge（B-012：md 文件行为补采） update 产出 textChanged：首次 before 为 null（基线），后续带 before/after","status":"passed","title":"update 产出 textChanged：首次 before 为 null（基线），后续带 before/after","duration":1.1467999999999847,"failureMessages":[],"meta":{}},{"ancestorTitles":["tiptap-bridge（B-012：md 文件行为补采）"],"fullName":"tiptap-bridge（B-012：md 文件行为补采） 净零编辑不产出 textChanged","status":"passed","title":"净零编辑不产出 textChanged","duration":0.8256999999999834,"failureMessages":[],"meta":{}},{"ancestorTitles":["tiptap-bridge（B-012：md 文件行为补采）"],"fullName":"tiptap-bridge（B-012：md 文件行为补采） selectionUpdate 产出 selectionChanged，行号为块索引近似并标 approximate","status":"passed","title":"selectionUpdate 产出 selectionChanged，行号为块索引近似并标 approximate","duration":0.5447000000000344,"failureMessages":[],"meta":{}},{"ancestorTitles":["tiptap-bridge（B-012：md 文件行为补采）"],"fullName":"tiptap-bridge（B-012：md 文件行为补采） 选区非空的 selectionChanged 带 selection 文本与 kind=select","status":"passed","title":"选区非空的 selectionChanged 带 selection 文本与 kind=select","duration":0.37019999999995434,"failureMessages":[],"meta":{}},{"ancestorTitles":["tiptap-bridge（B-012：md 文件行为补采）"],"fullName":"tiptap-bridge（B-012：md 文件行为补采） scroll 节流后产出 textScrolled，viewport 为可见块索引区间且标 approximate","status":"passed","title":"scroll 节流后产出 textScrolled，viewport 为可见块索引区间且标 approximate","duration":0.6920000000000073,"failureMessages":[],"meta":{}},{"ancestorTitles":["tiptap-bridge（B-012：md 文件行为补采）"],"fullName":"tiptap-bridge（B-012：md 文件行为补采） 活跃实例切换时补发 activeEditorChanged（切回已打开的 md 不再静默）","status":"passed","title":"活跃实例切换时补发 activeEditorChanged（切回已打开的 md 不再静默）","duration":0.9642000000000053,"failureMessages":[],"meta":{}},{"ancestorTitles":["tiptap-bridge（B-012：md 文件行为补采）"],"fullName":"tiptap-bridge（B-012：md 文件行为补采） 实例失效（dom 脱离文档）后重新打开可再次挂载并产出事件","status":"passed","title":"实例失效（dom 脱离文档）后重新打开可再次挂载并产出事件","duration":0.9829999999999472,"failureMessages":[],"meta":{}},{"ancestorTitles":["tiptap-bridge（B-012：md 文件行为补采）"],"fullName":"tiptap-bridge（B-012：md 文件行为补采） 同一实例重复枚举不重复挂载（幂等）","status":"passed","title":"同一实例重复枚举不重复挂载（幂等）","duration":0.5384000000000242,"failureMessages":[],"meta":{}},{"ancestorTitles":["tiptap-bridge（B-012：md 文件行为补采）"],"fullName":"tiptap-bridge（B-012：md 文件行为补采） 轮询发现新实例并补挂","status":"passed","title":"轮询发现新实例并补挂","duration":0.3550999999999931,"failureMessages":[],"meta":{}},{"ancestorTitles":["tiptap-bridge（B-012：md 文件行为补采）"],"fullName":"tiptap-bridge（B-012：md 文件行为补采） filePath 缺失时降级为合成 uri（不丢事件）","status":"passed","title":"filePath 缺失时降级为合成 uri（不丢事件）","duration":0.33619999999996253,"failureMessages":[],"meta":{}},{"ancestorTitles":["tiptap-bridge（B-012：md 文件行为补采）"],"fullName":"tiptap-bridge（B-012：md 文件行为补采） 宿主 getText 抛错时内容取空：不冒泡、不产出脏 textChanged","status":"passed","title":"宿主 getText 抛错时内容取空：不冒泡、不产出脏 textChanged","duration":0.7060000000000173,"failureMessages":[],"meta":{}},{"ancestorTitles":["tiptap-bridge（B-012：md 文件行为补采）"],"fullName":"tiptap-bridge（B-012：md 文件行为补采） publish 抛错被 guard 自捕获（§5：绝不向事件源抛错），并计数与记录","status":"passed","title":"publish 抛错被 guard 自捕获（§5：绝不向事件源抛错），并计数与记录","duration":0.3523999999999887,"failureMessages":[],"meta":{}},{"ancestorTitles":["tiptap-bridge（B-012：md 文件行为补采）"],"fullName":"tiptap-bridge（B-012：md 文件行为补采） 未提供 getTiptapEditors 时不抛错（向后兼容）","status":"passed","title":"未提供 getTiptapEditors 时不抛错（向后兼容）","duration":0.26710000000002765,"failureMessages":[],"meta":{}}],"startTime":1788938476519,"endTime":1788938476531.267,"status":"passed","message":"","name":"D:/Workspace/CREDIT/credit/bridges/bitfun/tiptap-bridge.test.ts"}]}